[INFO] Scanning for projects...
[INFO] ------------------------------------------------------------------------
[INFO] Reactor Build Order:
[INFO] 
[INFO] trapster-demo
[INFO] Spring Data JPA sample
[INFO] UDB DAO module
[INFO]                                                                         
[INFO] ------------------------------------------------------------------------
[INFO] Building trapster-demo 1.0-SNAPSHOT
[INFO] ------------------------------------------------------------------------
[INFO] 
[INFO] --- maven-clean-plugin:2.3:clean (default-clean) @ trapster-demo ---
[INFO] 
[INFO] --- maven-install-plugin:2.3:install (default-install) @ trapster-demo ---
[INFO] Installing /home/msaavedra/workspace/trapster-demo/pom.xml to /home/msaavedra/.m2/repository/com/marithic/trapster-demo/1.0-SNAPSHOT/trapster-demo-1.0-SNAPSHOT.pom
[INFO]                                                                         
[INFO] ------------------------------------------------------------------------
[INFO] Building Spring Data JPA sample 1.0-SNAPSHOT
[INFO] ------------------------------------------------------------------------
[INFO] 
[INFO] --- maven-clean-plugin:2.3:clean (default-clean) @ spring-data-jpa-example ---
[INFO] Deleting file set: /home/msaavedra/workspace/trapster-demo/spring-data-jpa-example/target (included: [**], excluded: [])
[INFO] 
[INFO] --- maven-resources-plugin:2.3:resources (default-resources) @ spring-data-jpa-example ---
[INFO] Using 'UTF-8' encoding to copy filtered resources.
[INFO] Copying 8 resources
[INFO] 
[INFO] --- maven-compiler-plugin:2.5.1:compile (default-compile) @ spring-data-jpa-example ---
[INFO] Compiling 8 source files to /home/msaavedra/workspace/trapster-demo/spring-data-jpa-example/target/classes
[INFO] 
[INFO] --- maven-resources-plugin:2.3:testResources (default-testResources) @ spring-data-jpa-example ---
[INFO] Using 'UTF-8' encoding to copy filtered resources.
[INFO] skip non existing resourceDirectory /home/msaavedra/workspace/trapster-demo/spring-data-jpa-example/src/test/resources
[INFO] 
[INFO] --- maven-compiler-plugin:2.5.1:testCompile (default-testCompile) @ spring-data-jpa-example ---
[INFO] Compiling 5 source files to /home/msaavedra/workspace/trapster-demo/spring-data-jpa-example/target/test-classes
[INFO] 
[INFO] --- maven-surefire-plugin:2.10:test (default-test) @ spring-data-jpa-example ---
[INFO] Surefire report directory: /home/msaavedra/workspace/trapster-demo/spring-data-jpa-example/target/surefire-reports

-------------------------------------------------------
 T E S T S
-------------------------------------------------------
Running org.springframework.data.jpa.example.repository.BasicFactorySetup
16:44:33,648 ERROR            org.hibernate.tool.hbm2ddl.SchemaExport: 425 - HHH000389: Unsuccessful: alter table AuditableUser drop constraint FKF86479009C2F468
16:44:33,652 ERROR            org.hibernate.tool.hbm2ddl.SchemaExport: 426 - user lacks privilege or object not found: PUBLIC.AUDITABLEUSER
16:44:33,653 ERROR            org.hibernate.tool.hbm2ddl.SchemaExport: 425 - HHH000389: Unsuccessful: alter table AuditableUser drop constraint FKF8647900452C8651
16:44:33,653 ERROR            org.hibernate.tool.hbm2ddl.SchemaExport: 426 - user lacks privilege or object not found: PUBLIC.AUDITABLEUSER
16:44:34,036 DEBUG framework.data.jpa.repository.query.SimpleJpaQuery: 122 - Looking up query for method findByFirstname
16:44:34,075  WARN        org.hibernate.hql.internal.ast.HqlSqlWalker: 929 - [DEPRECATION] Encountered positional parameter near line 1, column 86.  Positional parameter are considered deprecated; use named parameters or JPA-style positional parameters instead.
16:44:34,086 DEBUG framework.data.jpa.repository.query.SimpleJpaQuery: 122 - Looking up query for method findByFirstnameOrLastname
16:44:34,105 DEBUG framework.data.jpa.repository.query.SimpleJpaQuery: 122 - Looking up query for method findByTheUsersName
16:44:34,107 DEBUG ringframework.data.jpa.repository.query.NamedQuery: 108 - Looking up named query User.findByTheUsersName
16:44:34,109 DEBUG ringframework.data.jpa.repository.query.NamedQuery:  93 - Did not find named query User.findByTheUsersName.count
16:44:34,110 DEBUG framework.data.jpa.repository.query.SimpleJpaQuery: 122 - Looking up query for method findByLastname
16:44:34,113 DEBUG ringframework.data.jpa.repository.query.NamedQuery: 108 - Looking up named query User.findByLastname
16:44:34,114 DEBUG ringframework.data.jpa.repository.query.NamedQuery:  93 - Did not find named query User.findByLastname.count
Tests run: 1, Failures: 0, Errors: 0, Skipped: 0, Time elapsed: 2.976 sec
Running org.springframework.data.jpa.example.repository.BasicSample
16:44:34,662  WARN ibernate.ejb.internal.EntityManagerFactoryRegistry:  80 - HHH000436: Entity manager factory name (jpa.sample.plain) is already registered.  If entity manager will be clustered or passivated, specify a unique value for property 'hibernate.ejb.entitymanager_factory_name'
Tests run: 1, Failures: 0, Errors: 0, Skipped: 0, Time elapsed: 0.264 sec
Running org.springframework.data.jpa.example.repository.UserRepositorySample
16:44:35,018 DEBUG ry.config.AbstractRepositoryConfigDefinitionParser: 101 - Triggering auto repository detection
16:44:35,102 DEBUG ConfigDefinitionParser$RepositoryComponentProvider: 244 - Identified candidate component class: file [/home/msaavedra/workspace/trapster-demo/spring-data-jpa-example/target/classes/org/springframework/data/jpa/example/repository/simple/SimpleUserRepository.class]
16:44:35,109 DEBUG ConfigDefinitionParser$RepositoryComponentProvider: 244 - Identified candidate component class: file [/home/msaavedra/workspace/trapster-demo/spring-data-jpa-example/target/classes/org/springframework/data/jpa/example/repository/UserRepository.class]
16:44:35,168 DEBUG ry.config.AbstractRepositoryConfigDefinitionParser: 194 - Registering repository: simpleUserRepository - Interface: org.springframework.data.jpa.example.repository.simple.SimpleUserRepository - Factory: org.springframework.data.jpa.repository.support.JpaRepositoryFactoryBean, - Custom implementation: null
16:44:35,169 DEBUG ry.config.AbstractRepositoryConfigDefinitionParser: 194 - Registering repository: userRepository - Interface: org.springframework.data.jpa.example.repository.UserRepository - Factory: org.springframework.data.jpa.repository.support.JpaRepositoryFactoryBean, - Custom implementation: userRepositoryImpl
16:44:36,045 DEBUG framework.data.jpa.repository.query.SimpleJpaQuery: 122 - Looking up query for method findByFirstname
16:44:36,081 DEBUG framework.data.jpa.repository.query.SimpleJpaQuery: 122 - Looking up query for method findByTheUsersName
16:44:36,082 DEBUG ringframework.data.jpa.repository.query.NamedQuery: 108 - Looking up named query User.findByTheUsersName
16:44:36,084 DEBUG ringframework.data.jpa.repository.query.NamedQuery:  93 - Did not find named query User.findByTheUsersName.count
16:44:36,086 DEBUG framework.data.jpa.repository.query.SimpleJpaQuery: 122 - Looking up query for method findByLastname
16:44:36,087 DEBUG ringframework.data.jpa.repository.query.NamedQuery: 108 - Looking up named query User.findByLastname
16:44:36,089 DEBUG ringframework.data.jpa.repository.query.NamedQuery:  93 - Did not find named query User.findByLastname.count
16:44:36,120 DEBUG ocessor$CustomAnnotationTransactionAttributeSource: 288 - Adding transactional method 'save' with attribute: PROPAGATION_REQUIRED,ISOLATION_DEFAULT; ''
16:44:36,125 DEBUG ocessor$CustomAnnotationTransactionAttributeSource: 288 - Adding transactional method 'findOne' with attribute: PROPAGATION_REQUIRED,ISOLATION_DEFAULT,readOnly; ''
2012-10-22
Tests run: 4, Failures: 0, Errors: 0, Skipped: 0, Time elapsed: 1.513 sec
Running org.springframework.data.jpa.example.repository.AuditableUserSample
16:44:36,311 DEBUG ry.config.AbstractRepositoryConfigDefinitionParser: 101 - Triggering auto repository detection
16:44:36,318 DEBUG ConfigDefinitionParser$RepositoryComponentProvider: 244 - Identified candidate component class: file [/home/msaavedra/workspace/trapster-demo/spring-data-jpa-example/target/classes/org/springframework/data/jpa/example/repository/simple/SimpleUserRepository.class]
16:44:36,324 DEBUG ry.config.AbstractRepositoryConfigDefinitionParser: 194 - Registering repository: simpleUserRepository - Interface: org.springframework.data.jpa.example.repository.simple.SimpleUserRepository - Factory: org.springframework.data.jpa.repository.support.JpaRepositoryFactoryBean, - Custom implementation: null
16:44:36,834  WARN ibernate.ejb.internal.EntityManagerFactoryRegistry:  80 - HHH000436: Entity manager factory name (jpa.sample) is already registered.  If entity manager will be clustered or passivated, specify a unique value for property 'hibernate.ejb.entitymanager_factory_name'
16:44:36,864 DEBUG framework.data.jpa.repository.query.SimpleJpaQuery: 122 - Looking up query for method findByFirstname
16:44:36,875  WARN        org.hibernate.hql.internal.ast.HqlSqlWalker: 929 - [DEPRECATION] Encountered positional parameter near line 1, column 86.  Positional parameter are considered deprecated; use named parameters or JPA-style positional parameters instead.
16:44:36,878 DEBUG framework.data.jpa.repository.query.SimpleJpaQuery: 122 - Looking up query for method findByFirstnameOrLastname
16:44:36,893 DEBUG framework.data.jpa.repository.query.SimpleJpaQuery: 122 - Looking up query for method findByTheUsersName
16:44:36,895 DEBUG ringframework.data.jpa.repository.query.NamedQuery: 108 - Looking up named query User.findByTheUsersName
16:44:36,897 DEBUG ringframework.data.jpa.repository.query.NamedQuery:  93 - Did not find named query User.findByTheUsersName.count
16:44:36,899 DEBUG framework.data.jpa.repository.query.SimpleJpaQuery: 122 - Looking up query for method findByLastname
16:44:36,900 DEBUG ringframework.data.jpa.repository.query.NamedQuery: 108 - Looking up named query User.findByLastname
16:44:36,902 DEBUG ringframework.data.jpa.repository.query.NamedQuery:  93 - Did not find named query User.findByLastname.count
16:44:36,912 DEBUG ocessor$CustomAnnotationTransactionAttributeSource: 288 - Adding transactional method 'save' with attribute: PROPAGATION_REQUIRED,ISOLATION_DEFAULT; ''
16:44:37,006 DEBUG ork.data.jpa.domain.support.AuditingEntityListener: 143 - Touched Entity of type org.springframework.data.jpa.example.auditing.AuditableUser with id: null - Last modification at 2012-10-22T16:44:36.920-07:00 by Entity of type org.springframework.data.jpa.example.auditing.AuditableUser with id: null
Tests run: 1, Failures: 0, Errors: 0, Skipped: 0, Time elapsed: 0.805 sec
Running org.springframework.data.jpa.example.repository.SimpleUserRepositorySample
16:44:37,121 DEBUG ry.config.AbstractRepositoryConfigDefinitionParser: 101 - Triggering auto repository detection
16:44:37,127 DEBUG ConfigDefinitionParser$RepositoryComponentProvider: 244 - Identified candidate component class: file [/home/msaavedra/workspace/trapster-demo/spring-data-jpa-example/target/classes/org/springframework/data/jpa/example/repository/simple/SimpleUserRepository.class]
16:44:37,133 DEBUG ry.config.AbstractRepositoryConfigDefinitionParser: 194 - Registering repository: simpleUserRepository - Interface: org.springframework.data.jpa.example.repository.simple.SimpleUserRepository - Factory: org.springframework.data.jpa.repository.support.JpaRepositoryFactoryBean, - Custom implementation: null
16:44:37,441  WARN ibernate.ejb.internal.EntityManagerFactoryRegistry:  80 - HHH000436: Entity manager factory name (jpa.sample) is already registered.  If entity manager will be clustered or passivated, specify a unique value for property 'hibernate.ejb.entitymanager_factory_name'
16:44:37,471 DEBUG framework.data.jpa.repository.query.SimpleJpaQuery: 122 - Looking up query for method findByFirstname
16:44:37,481  WARN        org.hibernate.hql.internal.ast.HqlSqlWalker: 929 - [DEPRECATION] Encountered positional parameter near line 1, column 86.  Positional parameter are considered deprecated; use named parameters or JPA-style positional parameters instead.
16:44:37,484 DEBUG framework.data.jpa.repository.query.SimpleJpaQuery: 122 - Looking up query for method findByFirstnameOrLastname
16:44:37,497 DEBUG framework.data.jpa.repository.query.SimpleJpaQuery: 122 - Looking up query for method findByTheUsersName
16:44:37,498 DEBUG ringframework.data.jpa.repository.query.NamedQuery: 108 - Looking up named query User.findByTheUsersName
16:44:37,500 DEBUG ringframework.data.jpa.repository.query.NamedQuery:  93 - Did not find named query User.findByTheUsersName.count
16:44:37,502 DEBUG framework.data.jpa.repository.query.SimpleJpaQuery: 122 - Looking up query for method findByLastname
16:44:37,503 DEBUG ringframework.data.jpa.repository.query.NamedQuery: 108 - Looking up named query User.findByLastname
16:44:37,505 DEBUG ringframework.data.jpa.repository.query.NamedQuery:  93 - Did not find named query User.findByLastname.count
16:44:37,510 DEBUG ocessor$CustomAnnotationTransactionAttributeSource: 288 - Adding transactional method 'save' with attribute: PROPAGATION_REQUIRED,ISOLATION_DEFAULT; ''
16:44:37,514 DEBUG ocessor$CustomAnnotationTransactionAttributeSource: 288 - Adding transactional method 'findOne' with attribute: PROPAGATION_REQUIRED,ISOLATION_DEFAULT,readOnly; ''
Tests run: 3, Failures: 0, Errors: 0, Skipped: 0, Time elapsed: 0.521 sec

Results :

Tests run: 10, Failures: 0, Errors: 0, Skipped: 0

[INFO] 
[INFO] --- maven-jar-plugin:2.2:jar (default-jar) @ spring-data-jpa-example ---
[INFO] Building jar: /home/msaavedra/workspace/trapster-demo/spring-data-jpa-example/target/spring-data-jpa-example-1.0-SNAPSHOT.jar
[INFO] 
[INFO] --- maven-install-plugin:2.3:install (default-install) @ spring-data-jpa-example ---
[INFO] Installing /home/msaavedra/workspace/trapster-demo/spring-data-jpa-example/target/spring-data-jpa-example-1.0-SNAPSHOT.jar to /home/msaavedra/.m2/repository/com/marithic/spring-data-jpa-example/1.0-SNAPSHOT/spring-data-jpa-example-1.0-SNAPSHOT.jar
[INFO] Installing /home/msaavedra/workspace/trapster-demo/spring-data-jpa-example/pom.xml to /home/msaavedra/.m2/repository/com/marithic/spring-data-jpa-example/1.0-SNAPSHOT/spring-data-jpa-example-1.0-SNAPSHOT.pom
[INFO]                                                                         
[INFO] ------------------------------------------------------------------------
[INFO] Building UDB DAO module 2.0.0-SNAPSHOT
[INFO] ------------------------------------------------------------------------
[INFO] 
[INFO] --- maven-clean-plugin:2.3:clean (default-clean) @ example.module-udb ---
[INFO] Deleting file set: /home/msaavedra/workspace/trapster-demo/example-module-udb/target (included: [**], excluded: [])
[INFO] 
[INFO] --- maven-resources-plugin:2.3:resources (default-resources) @ example.module-udb ---
[INFO] Using 'UTF-8' encoding to copy filtered resources.
[INFO] Copying 4 resources
[INFO] 
[INFO] --- maven-compiler-plugin:2.5.1:compile (default-compile) @ example.module-udb ---
[INFO] Compiling 7 source files to /home/msaavedra/workspace/trapster-demo/example-module-udb/target/classes
[INFO] 
[INFO] --- maven-resources-plugin:2.3:testResources (default-testResources) @ example.module-udb ---
[INFO] Using 'UTF-8' encoding to copy filtered resources.
[INFO] Copying 2 resources
[INFO] 
[INFO] --- maven-compiler-plugin:2.5.1:testCompile (default-testCompile) @ example.module-udb ---
[INFO] Compiling 1 source file to /home/msaavedra/workspace/trapster-demo/example-module-udb/target/test-classes
[INFO] 
[INFO] --- maven-surefire-plugin:2.10:test (default-test) @ example.module-udb ---
[INFO] Surefire report directory: /home/msaavedra/workspace/trapster-demo/example-module-udb/target/surefire-reports

-------------------------------------------------------
 T E S T S
-------------------------------------------------------
Running com.navteq.lbsp.ctg.trapster.modules.udb.mysql.mybatis.UdbDaoImplTest
2012-10-22 16:44:41,535 [main] DEBUG org.springframework.test.context.junit4.SpringJUnit4ClassRunner - SpringJUnit4ClassRunner constructor called with [class com.navteq.lbsp.ctg.trapster.modules.udb.mysql.mybatis.UdbDaoImplTest].
2012-10-22 16:44:41,576 [main] INFO  org.springframework.test.context.TestContextManager - @TestExecutionListeners is not present for class [class com.navteq.lbsp.ctg.trapster.modules.udb.mysql.mybatis.UdbDaoImplTest]: using defaults.
2012-10-22 16:44:41,602 [main] DEBUG org.springframework.test.annotation.ProfileValueUtils - Retrieved @ProfileValueSourceConfiguration [null] for test class [com.navteq.lbsp.ctg.trapster.modules.udb.mysql.mybatis.UdbDaoImplTest]
2012-10-22 16:44:41,603 [main] DEBUG org.springframework.test.annotation.ProfileValueUtils - Retrieved ProfileValueSource type [class org.springframework.test.annotation.SystemProfileValueSource] for class [com.navteq.lbsp.ctg.trapster.modules.udb.mysql.mybatis.UdbDaoImplTest]
2012-10-22 16:44:41,604 [main] DEBUG org.springframework.test.annotation.ProfileValueUtils - Retrieved @ProfileValueSourceConfiguration [null] for test class [com.navteq.lbsp.ctg.trapster.modules.udb.mysql.mybatis.UdbDaoImplTest]
2012-10-22 16:44:41,604 [main] DEBUG org.springframework.test.annotation.ProfileValueUtils - Retrieved ProfileValueSource type [class org.springframework.test.annotation.SystemProfileValueSource] for class [com.navteq.lbsp.ctg.trapster.modules.udb.mysql.mybatis.UdbDaoImplTest]
2012-10-22 16:44:41,615 [main] DEBUG org.springframework.test.annotation.ProfileValueUtils - Retrieved @ProfileValueSourceConfiguration [null] for test class [com.navteq.lbsp.ctg.trapster.modules.udb.mysql.mybatis.UdbDaoImplTest]
2012-10-22 16:44:41,616 [main] DEBUG org.springframework.test.annotation.ProfileValueUtils - Retrieved ProfileValueSource type [class org.springframework.test.annotation.SystemProfileValueSource] for class [com.navteq.lbsp.ctg.trapster.modules.udb.mysql.mybatis.UdbDaoImplTest]
2012-10-22 16:44:41,625 [main] DEBUG org.springframework.test.context.support.DependencyInjectionTestExecutionListener - Performing dependency injection for test context [[TestContext@32ef2c60 testClass = UdbDaoImplTest, locations = array<String>['classpath:spring-nvtsfw-context.xml'], testInstance = com.navteq.lbsp.ctg.trapster.modules.udb.mysql.mybatis.UdbDaoImplTest@744a6cbf, testMethod = [null], testException = [null]]].
2012-10-22 16:44:41,626 [main] DEBUG org.springframework.test.context.support.AbstractGenericContextLoader - Loading ApplicationContext for locations [classpath:spring-nvtsfw-context.xml].
2012-10-22 16:44:41,713 [main] INFO  org.springframework.beans.factory.xml.XmlBeanDefinitionReader - Loading XML bean definitions from class path resource [spring-nvtsfw-context.xml]
2012-10-22 16:44:41,732 [main] DEBUG org.springframework.beans.factory.xml.DefaultDocumentLoader - Using JAXP provider [com.sun.org.apache.xerces.internal.jaxp.DocumentBuilderFactoryImpl]
2012-10-22 16:44:41,768 [main] DEBUG org.springframework.beans.factory.xml.PluggableSchemaResolver - Loading schema mappings from [META-INF/spring.schemas]
2012-10-22 16:44:41,777 [main] DEBUG org.springframework.beans.factory.xml.PluggableSchemaResolver - Loaded schema mappings: {http://www.springframework.org/schema/util/spring-util.xsd=org/springframework/beans/factory/xml/spring-util-3.0.xsd, http://www.springframework.org/schema/integration/mail/spring-integration-mail-1.0.xsd=org/springframework/integration/mail/config/spring-integration-mail-1.0.xsd, http://www.springframework.org/schema/integration/mail/spring-integration-mail-2.0.xsd=org/springframework/integration/mail/config/spring-integration-mail-2.0.xsd, http://www.springframework.org/schema/task/spring-task.xsd=org/springframework/scheduling/config/spring-task-3.0.xsd, http://www.springframework.org/schema/aop/spring-aop-3.0.xsd=org/springframework/aop/config/spring-aop-3.0.xsd, http://ehcache-spring-annotations.googlecode.com/svn/schema/ehcache-spring/ehcache-spring-1.2.xsd=com/googlecode/ehcache/annotations/ehcache-spring-1.2.xsd, http://www.springframework.org/schema/aop/spring-aop-2.0.xsd=org/springframework/aop/config/spring-aop-2.0.xsd, http://www.springframework.org/schema/tool/spring-tool-2.5.xsd=org/springframework/beans/factory/xml/spring-tool-2.5.xsd, http://www.springframework.org/schema/integration/spring-integration.xsd=org/springframework/integration/config/xml/spring-integration-2.1.xsd, http://www.springframework.org/schema/integration/mail/spring-integration-mail.xsd=org/springframework/integration/mail/config/spring-integration-mail-2.1.xsd, http://www.springframework.org/schema/beans/spring-beans.xsd=org/springframework/beans/factory/xml/spring-beans-3.0.xsd, http://www.springframework.org/schema/jee/spring-jee-2.5.xsd=org/springframework/ejb/config/spring-jee-2.5.xsd, http://www.springframework.org/schema/integration/spring-integration-2.1.xsd=org/springframework/integration/config/xml/spring-integration-2.1.xsd, http://www.springframework.org/schema/aop/spring-aop.xsd=org/springframework/aop/config/spring-aop-3.0.xsd, http://www.springframework.org/schema/beans/spring-beans-2.0.xsd=org/springframework/beans/factory/xml/spring-beans-2.0.xsd, http://www.springframework.org/schema/beans/spring-beans-3.0.xsd=org/springframework/beans/factory/xml/spring-beans-3.0.xsd, http://ehcache-spring-annotations.googlecode.com/svn/schema/ehcache-spring/ehcache-spring-1.1.xsd=com/googlecode/ehcache/annotations/ehcache-spring-1.1.xsd, http://www.springframework.org/schema/task/spring-task-3.0.xsd=org/springframework/scheduling/config/spring-task-3.0.xsd, http://www.springframework.org/schema/tx/spring-tx-2.5.xsd=org/springframework/transaction/config/spring-tx-2.5.xsd, http://www.springframework.org/schema/context/spring-context-2.5.xsd=org/springframework/context/config/spring-context-2.5.xsd, http://www.springframework.org/schema/jdbc/spring-jdbc-3.0.xsd=org/springframework/jdbc/config/spring-jdbc-3.0.xsd, http://www.springframework.org/schema/tool/spring-tool-3.0.xsd=org/springframework/beans/factory/xml/spring-tool-3.0.xsd, http://www.springframework.org/schema/tx/spring-tx.xsd=org/springframework/transaction/config/spring-tx-3.0.xsd, http://www.springframework.org/schema/tool/spring-tool-2.0.xsd=org/springframework/beans/factory/xml/spring-tool-2.0.xsd, http://www.springframework.org/schema/util/spring-util-2.5.xsd=org/springframework/beans/factory/xml/spring-util-2.5.xsd, http://www.springframework.org/schema/lang/spring-lang.xsd=org/springframework/scripting/config/spring-lang-3.0.xsd, http://www.springframework.org/schema/lang/spring-lang-2.5.xsd=org/springframework/scripting/config/spring-lang-2.5.xsd, http://www.springframework.org/schema/integration/spring-integration-1.0.xsd=org/springframework/integration/config/xml/spring-integration-1.0.xsd, http://www.springframework.org/schema/integration/spring-integration-2.0.xsd=org/springframework/integration/config/xml/spring-integration-2.0.xsd, http://www.springframework.org/schema/jee/spring-jee-3.0.xsd=org/springframework/ejb/config/spring-jee-3.0.xsd, http://www.springframework.org/schema/jee/spring-jee-2.0.xsd=org/springframework/ejb/config/spring-jee-2.0.xsd, http://www.springframework.org/schema/context/spring-context.xsd=org/springframework/context/config/spring-context-3.0.xsd, http://ehcache-spring-annotations.googlecode.com/svn/schema/ehcache-spring/ehcache-spring-1.0.xsd=com/googlecode/ehcache/annotations/ehcache-spring-1.0.xsd, http://www.springframework.org/schema/jee/spring-jee.xsd=org/springframework/ejb/config/spring-jee-3.0.xsd, http://www.springframework.org/schema/aop/spring-aop-2.5.xsd=org/springframework/aop/config/spring-aop-2.5.xsd, http://www.springframework.org/schema/integration/mail/spring-integration-mail-2.1.xsd=org/springframework/integration/mail/config/spring-integration-mail-2.1.xsd, http://www.springframework.org/schema/jdbc/spring-jdbc.xsd=org/springframework/jdbc/config/spring-jdbc-3.0.xsd, http://www.springframework.org/schema/tx/spring-tx-2.0.xsd=org/springframework/transaction/config/spring-tx-2.0.xsd, http://www.springframework.org/schema/tx/spring-tx-3.0.xsd=org/springframework/transaction/config/spring-tx-3.0.xsd, http://www.springframework.org/schema/context/spring-context-3.0.xsd=org/springframework/context/config/spring-context-3.0.xsd, http://www.springframework.org/schema/tool/spring-tool.xsd=org/springframework/beans/factory/xml/spring-tool-3.0.xsd, http://www.springframework.org/schema/util/spring-util-3.0.xsd=org/springframework/beans/factory/xml/spring-util-3.0.xsd, http://www.springframework.org/schema/lang/spring-lang-3.0.xsd=org/springframework/scripting/config/spring-lang-3.0.xsd, http://www.springframework.org/schema/util/spring-util-2.0.xsd=org/springframework/beans/factory/xml/spring-util-2.0.xsd, http://www.springframework.org/schema/lang/spring-lang-2.0.xsd=org/springframework/scripting/config/spring-lang-2.0.xsd, http://www.springframework.org/schema/beans/spring-beans-2.5.xsd=org/springframework/beans/factory/xml/spring-beans-2.5.xsd}
2012-10-22 16:44:41,783 [main] DEBUG org.springframework.beans.factory.xml.PluggableSchemaResolver - Found XML schema [http://www.springframework.org/schema/beans/spring-beans-3.0.xsd] in classpath: org/springframework/beans/factory/xml/spring-beans-3.0.xsd
2012-10-22 16:44:41,883 [main] DEBUG org.springframework.beans.factory.xml.PluggableSchemaResolver - Found XML schema [http://www.springframework.org/schema/context/spring-context-3.0.xsd] in classpath: org/springframework/context/config/spring-context-3.0.xsd
2012-10-22 16:44:41,903 [main] DEBUG org.springframework.beans.factory.xml.PluggableSchemaResolver - Found XML schema [http://www.springframework.org/schema/tool/spring-tool-3.0.xsd] in classpath: org/springframework/beans/factory/xml/spring-tool-3.0.xsd
2012-10-22 16:44:41,926 [main] DEBUG org.springframework.beans.factory.xml.DefaultBeanDefinitionDocumentReader - Loading bean definitions
2012-10-22 16:44:41,946 [main] DEBUG org.springframework.beans.factory.xml.DefaultNamespaceHandlerResolver - Loaded NamespaceHandler mappings: {http://www.springframework.org/schema/p=org.springframework.beans.factory.xml.SimplePropertyNamespaceHandler, http://www.springframework.org/schema/util=org.springframework.beans.factory.xml.UtilNamespaceHandler, http://www.springframework.org/schema/jee=org.springframework.ejb.config.JeeNamespaceHandler, http://www.springframework.org/schema/aop=org.springframework.aop.config.AopNamespaceHandler, http://www.springframework.org/schema/jdbc=org.springframework.jdbc.config.JdbcNamespaceHandler, http://ehcache-spring-annotations.googlecode.com/svn/schema/ehcache-spring=com.googlecode.ehcache.annotations.config.AnnotationDrivenEhCacheNamespaceHandler, http://www.springframework.org/schema/tx=org.springframework.transaction.config.TxNamespaceHandler, http://www.springframework.org/schema/integration=org.springframework.integration.config.xml.IntegrationNamespaceHandler, http://www.springframework.org/schema/task=org.springframework.scheduling.config.TaskNamespaceHandler, http://www.springframework.org/schema/lang=org.springframework.scripting.config.LangNamespaceHandler, http://www.springframework.org/schema/integration/mail=org.springframework.integration.mail.config.MailNamespaceHandler, http://www.springframework.org/schema/context=org.springframework.context.config.ContextNamespaceHandler}
2012-10-22 16:44:41,980 [main] INFO  org.springframework.context.annotation.ClassPathBeanDefinitionScanner - JSR-330 'javax.inject.Named' annotation found and supported for component scanning
2012-10-22 16:44:41,990 [main] DEBUG org.springframework.core.io.support.PathMatchingResourcePatternResolver - Looking for matching resources in directory tree [/home/msaavedra/workspace/trapster-demo/example-module-udb/target/test-classes/com/navteq/lbsp/ctg/trapster/modules/udb]
2012-10-22 16:44:41,990 [main] DEBUG org.springframework.core.io.support.PathMatchingResourcePatternResolver - Searching directory [/home/msaavedra/workspace/trapster-demo/example-module-udb/target/test-classes/com/navteq/lbsp/ctg/trapster/modules/udb] for files matching pattern [/home/msaavedra/workspace/trapster-demo/example-module-udb/target/test-classes/com/navteq/lbsp/ctg/trapster/modules/udb/**/*.class]
2012-10-22 16:44:41,994 [main] DEBUG org.springframework.core.io.support.PathMatchingResourcePatternResolver - Searching directory [/home/msaavedra/workspace/trapster-demo/example-module-udb/target/test-classes/com/navteq/lbsp/ctg/trapster/modules/udb/mysql] for files matching pattern [/home/msaavedra/workspace/trapster-demo/example-module-udb/target/test-classes/com/navteq/lbsp/ctg/trapster/modules/udb/**/*.class]
2012-10-22 16:44:41,997 [main] DEBUG org.springframework.core.io.support.PathMatchingResourcePatternResolver - Searching directory [/home/msaavedra/workspace/trapster-demo/example-module-udb/target/test-classes/com/navteq/lbsp/ctg/trapster/modules/udb/mysql/mybatis] for files matching pattern [/home/msaavedra/workspace/trapster-demo/example-module-udb/target/test-classes/com/navteq/lbsp/ctg/trapster/modules/udb/**/*.class]
2012-10-22 16:44:42,012 [main] DEBUG org.springframework.core.io.support.PathMatchingResourcePatternResolver - Looking for matching resources in directory tree [/home/msaavedra/workspace/trapster-demo/example-module-udb/target/classes/com/navteq/lbsp/ctg/trapster/modules/udb]
2012-10-22 16:44:42,012 [main] DEBUG org.springframework.core.io.support.PathMatchingResourcePatternResolver - Searching directory [/home/msaavedra/workspace/trapster-demo/example-module-udb/target/classes/com/navteq/lbsp/ctg/trapster/modules/udb] for files matching pattern [/home/msaavedra/workspace/trapster-demo/example-module-udb/target/classes/com/navteq/lbsp/ctg/trapster/modules/udb/**/*.class]
2012-10-22 16:44:42,017 [main] DEBUG org.springframework.core.io.support.PathMatchingResourcePatternResolver - Searching directory [/home/msaavedra/workspace/trapster-demo/example-module-udb/target/classes/com/navteq/lbsp/ctg/trapster/modules/udb/domain] for files matching pattern [/home/msaavedra/workspace/trapster-demo/example-module-udb/target/classes/com/navteq/lbsp/ctg/trapster/modules/udb/**/*.class]
2012-10-22 16:44:42,030 [main] DEBUG org.springframework.core.io.support.PathMatchingResourcePatternResolver - Searching directory [/home/msaavedra/workspace/trapster-demo/example-module-udb/target/classes/com/navteq/lbsp/ctg/trapster/modules/udb/mysql] for files matching pattern [/home/msaavedra/workspace/trapster-demo/example-module-udb/target/classes/com/navteq/lbsp/ctg/trapster/modules/udb/**/*.class]
2012-10-22 16:44:42,033 [main] DEBUG org.springframework.core.io.support.PathMatchingResourcePatternResolver - Searching directory [/home/msaavedra/workspace/trapster-demo/example-module-udb/target/classes/com/navteq/lbsp/ctg/trapster/modules/udb/mysql/mybatis] for files matching pattern [/home/msaavedra/workspace/trapster-demo/example-module-udb/target/classes/com/navteq/lbsp/ctg/trapster/modules/udb/**/*.class]
2012-10-22 16:44:42,045 [main] DEBUG org.springframework.core.io.support.PathMatchingResourcePatternResolver - Resolved location pattern [classpath*:com/navteq/lbsp/ctg/trapster/modules/udb/**/*.class] to resources [file [/home/msaavedra/workspace/trapster-demo/example-module-udb/target/test-classes/com/navteq/lbsp/ctg/trapster/modules/udb/mysql/mybatis/UdbDaoImplTest.class], file [/home/msaavedra/workspace/trapster-demo/example-module-udb/target/classes/com/navteq/lbsp/ctg/trapster/modules/udb/TrapsterUdbException.class], file [/home/msaavedra/workspace/trapster-demo/example-module-udb/target/classes/com/navteq/lbsp/ctg/trapster/modules/udb/domain/UdbConstants.class], file [/home/msaavedra/workspace/trapster-demo/example-module-udb/target/classes/com/navteq/lbsp/ctg/trapster/modules/udb/domain/UdbPopulatorType.class], file [/home/msaavedra/workspace/trapster-demo/example-module-udb/target/classes/com/navteq/lbsp/ctg/trapster/modules/udb/domain/Udb.class], file [/home/msaavedra/workspace/trapster-demo/example-module-udb/target/classes/com/navteq/lbsp/ctg/trapster/modules/udb/domain/UdbDao.class], file [/home/msaavedra/workspace/trapster-demo/example-module-udb/target/classes/com/navteq/lbsp/ctg/trapster/modules/udb/mysql/mybatis/UdbDaoImpl.class], file [/home/msaavedra/workspace/trapster-demo/example-module-udb/target/classes/com/navteq/lbsp/ctg/trapster/modules/udb/mysql/mybatis/UdbMapper.class]]
2012-10-22 16:44:42,094 [main] DEBUG org.springframework.context.annotation.ClassPathBeanDefinitionScanner - Identified candidate component class: file [/home/msaavedra/workspace/trapster-demo/example-module-udb/target/classes/com/navteq/lbsp/ctg/trapster/modules/udb/mysql/mybatis/UdbDaoImpl.class]
2012-10-22 16:44:42,115 [main] INFO  org.springframework.beans.factory.xml.XmlBeanDefinitionReader - Loading XML bean definitions from class path resource [module-udb-context.xml]
2012-10-22 16:44:42,118 [main] DEBUG org.springframework.beans.factory.xml.DefaultDocumentLoader - Using JAXP provider [com.sun.org.apache.xerces.internal.jaxp.DocumentBuilderFactoryImpl]
2012-10-22 16:44:42,122 [main] DEBUG org.springframework.beans.factory.xml.PluggableSchemaResolver - Found XML schema [http://www.springframework.org/schema/beans/spring-beans-3.0.xsd] in classpath: org/springframework/beans/factory/xml/spring-beans-3.0.xsd
2012-10-22 16:44:42,182 [main] DEBUG org.springframework.beans.factory.xml.DefaultBeanDefinitionDocumentReader - Loading bean definitions
2012-10-22 16:44:42,190 [main] DEBUG org.springframework.beans.factory.xml.BeanDefinitionParserDelegate - Neither XML 'id' nor 'name' specified - using generated bean name [org.mybatis.spring.mapper.MapperScannerConfigurer#0]
2012-10-22 16:44:42,193 [main] DEBUG org.springframework.beans.factory.xml.BeanDefinitionParserDelegate - Neither XML 'id' nor 'name' specified - using generated bean name [org.mybatis.spring.SqlSessionFactoryBean#27a897a9]
2012-10-22 16:44:42,194 [main] DEBUG org.springframework.beans.factory.xml.XmlBeanDefinitionReader - Loaded 2 bean definitions from location pattern [classpath:module-udb-context.xml]
2012-10-22 16:44:42,194 [main] DEBUG org.springframework.beans.factory.xml.DefaultBeanDefinitionDocumentReader - Imported 2 bean definitions from URL location [classpath:module-udb-context.xml]
2012-10-22 16:44:42,197 [main] DEBUG org.springframework.beans.factory.xml.XmlBeanDefinitionReader - Loaded 8 bean definitions from location pattern [classpath:spring-nvtsfw-context.xml]
2012-10-22 16:44:42,205 [main] INFO  org.springframework.context.support.GenericApplicationContext - Refreshing org.springframework.context.support.GenericApplicationContext@5705b99f: startup date [Mon Oct 22 16:44:42 PDT 2012]; root of context hierarchy
2012-10-22 16:44:42,206 [main] DEBUG org.springframework.context.support.GenericApplicationContext - Bean factory for org.springframework.context.support.GenericApplicationContext@5705b99f: org.springframework.beans.factory.support.DefaultListableBeanFactory@2f87c55c: defining beans [udbDao,org.springframework.context.annotation.internalConfigurationAnnotationProcessor,org.springframework.context.annotation.internalAutowiredAnnotationProcessor,org.springframework.context.annotation.internalRequiredAnnotationProcessor,org.springframework.context.annotation.internalCommonAnnotationProcessor,org.mybatis.spring.mapper.MapperScannerConfigurer#0,udbMapper,datasource]; root of factory hierarchy
2012-10-22 16:44:42,239 [main] DEBUG org.springframework.beans.factory.support.DefaultListableBeanFactory - Creating shared instance of singleton bean 'org.springframework.context.annotation.internalConfigurationAnnotationProcessor'
2012-10-22 16:44:42,239 [main] DEBUG org.springframework.beans.factory.support.DefaultListableBeanFactory - Creating instance of bean 'org.springframework.context.annotation.internalConfigurationAnnotationProcessor'
2012-10-22 16:44:42,266 [main] DEBUG org.springframework.beans.factory.support.DefaultListableBeanFactory - Eagerly caching bean 'org.springframework.context.annotation.internalConfigurationAnnotationProcessor' to allow for resolving potential circular references
2012-10-22 16:44:42,267 [main] DEBUG org.springframework.beans.factory.support.DefaultListableBeanFactory - Finished creating instance of bean 'org.springframework.context.annotation.internalConfigurationAnnotationProcessor'
2012-10-22 16:44:42,291 [main] DEBUG org.springframework.beans.factory.support.DefaultListableBeanFactory - Creating shared instance of singleton bean 'org.mybatis.spring.mapper.MapperScannerConfigurer#0'
2012-10-22 16:44:42,292 [main] DEBUG org.springframework.beans.factory.support.DefaultListableBeanFactory - Creating instance of bean 'org.mybatis.spring.mapper.MapperScannerConfigurer#0'
2012-10-22 16:44:42,292 [main] DEBUG org.springframework.beans.factory.support.DefaultListableBeanFactory - Eagerly caching bean 'org.mybatis.spring.mapper.MapperScannerConfigurer#0' to allow for resolving potential circular references
2012-10-22 16:44:42,323 [main] DEBUG org.springframework.beans.factory.support.DefaultListableBeanFactory - Invoking afterPropertiesSet() on bean with name 'org.mybatis.spring.mapper.MapperScannerConfigurer#0'
2012-10-22 16:44:42,323 [main] DEBUG org.springframework.beans.factory.support.DefaultListableBeanFactory - Finished creating instance of bean 'org.mybatis.spring.mapper.MapperScannerConfigurer#0'
2012-10-22 16:44:42,327 [main] DEBUG org.springframework.core.io.support.PathMatchingResourcePatternResolver - Looking for matching resources in directory tree [/home/msaavedra/workspace/trapster-demo/example-module-udb/target/test-classes/com/navteq/lbsp/ctg/trapster/modules/udb/mysql/mybatis]
2012-10-22 16:44:42,327 [main] DEBUG org.springframework.core.io.support.PathMatchingResourcePatternResolver - Searching directory [/home/msaavedra/workspace/trapster-demo/example-module-udb/target/test-classes/com/navteq/lbsp/ctg/trapster/modules/udb/mysql/mybatis] for files matching pattern [/home/msaavedra/workspace/trapster-demo/example-module-udb/target/test-classes/com/navteq/lbsp/ctg/trapster/modules/udb/mysql/mybatis/**/*.class]
2012-10-22 16:44:42,331 [main] DEBUG org.springframework.core.io.support.PathMatchingResourcePatternResolver - Looking for matching resources in directory tree [/home/msaavedra/workspace/trapster-demo/example-module-udb/target/classes/com/navteq/lbsp/ctg/trapster/modules/udb/mysql/mybatis]
2012-10-22 16:44:42,331 [main] DEBUG org.springframework.core.io.support.PathMatchingResourcePatternResolver - Searching directory [/home/msaavedra/workspace/trapster-demo/example-module-udb/target/classes/com/navteq/lbsp/ctg/trapster/modules/udb/mysql/mybatis] for files matching pattern [/home/msaavedra/workspace/trapster-demo/example-module-udb/target/classes/com/navteq/lbsp/ctg/trapster/modules/udb/mysql/mybatis/**/*.class]
2012-10-22 16:44:42,339 [main] DEBUG org.springframework.core.io.support.PathMatchingResourcePatternResolver - Resolved location pattern [classpath*:com/navteq/lbsp/ctg/trapster/modules/udb/mysql/mybatis/**/*.class] to resources [file [/home/msaavedra/workspace/trapster-demo/example-module-udb/target/test-classes/com/navteq/lbsp/ctg/trapster/modules/udb/mysql/mybatis/UdbDaoImplTest.class], file [/home/msaavedra/workspace/trapster-demo/example-module-udb/target/classes/com/navteq/lbsp/ctg/trapster/modules/udb/mysql/mybatis/UdbDaoImpl.class], file [/home/msaavedra/workspace/trapster-demo/example-module-udb/target/classes/com/navteq/lbsp/ctg/trapster/modules/udb/mysql/mybatis/UdbMapper.class]]
2012-10-22 16:44:42,346 [main] DEBUG org.mybatis.spring.mapper.MapperScannerConfigurer$Scanner - Ignored because not a concrete top-level class: file [/home/msaavedra/workspace/trapster-demo/example-module-udb/target/test-classes/com/navteq/lbsp/ctg/trapster/modules/udb/mysql/mybatis/UdbDaoImplTest.class]
2012-10-22 16:44:42,348 [main] DEBUG org.mybatis.spring.mapper.MapperScannerConfigurer$Scanner - Ignored because not a concrete top-level class: file [/home/msaavedra/workspace/trapster-demo/example-module-udb/target/classes/com/navteq/lbsp/ctg/trapster/modules/udb/mysql/mybatis/UdbDaoImpl.class]
2012-10-22 16:44:42,349 [main] DEBUG org.mybatis.spring.mapper.MapperScannerConfigurer$Scanner - Identified candidate component class: file [/home/msaavedra/workspace/trapster-demo/example-module-udb/target/classes/com/navteq/lbsp/ctg/trapster/modules/udb/mysql/mybatis/UdbMapper.class]
2012-10-22 16:44:42,350 [main] WARN  org.mybatis.spring.mapper.MapperScannerConfigurer$Scanner - Skipping MapperFactoryBean with name 'udbMapper' and 'com.navteq.lbsp.ctg.trapster.modules.udb.mysql.mybatis.UdbMapper' mapperInterface. Bean already defined with the same name!
2012-10-22 16:44:42,350 [main] WARN  org.mybatis.spring.mapper.MapperScannerConfigurer$Scanner - No MyBatis mapper was found in 'com.navteq.lbsp.ctg.trapster.modules.udb.mysql.mybatis' package. Please check your configuration.
2012-10-22 16:44:42,353 [main] DEBUG org.springframework.beans.factory.support.DefaultListableBeanFactory - Creating shared instance of singleton bean 'org.springframework.context.annotation.internalAutowiredAnnotationProcessor'
2012-10-22 16:44:42,353 [main] DEBUG org.springframework.beans.factory.support.DefaultListableBeanFactory - Creating instance of bean 'org.springframework.context.annotation.internalAutowiredAnnotationProcessor'
2012-10-22 16:44:42,354 [main] INFO  org.springframework.beans.factory.annotation.AutowiredAnnotationBeanPostProcessor - JSR-330 'javax.inject.Inject' annotation found and supported for autowiring
2012-10-22 16:44:42,354 [main] DEBUG org.springframework.beans.factory.support.DefaultListableBeanFactory - Eagerly caching bean 'org.springframework.context.annotation.internalAutowiredAnnotationProcessor' to allow for resolving potential circular references
2012-10-22 16:44:42,354 [main] DEBUG org.springframework.beans.factory.support.DefaultListableBeanFactory - Finished creating instance of bean 'org.springframework.context.annotation.internalAutowiredAnnotationProcessor'
2012-10-22 16:44:42,355 [main] DEBUG org.springframework.beans.factory.support.DefaultListableBeanFactory - Creating shared instance of singleton bean 'org.springframework.context.annotation.internalRequiredAnnotationProcessor'
2012-10-22 16:44:42,355 [main] DEBUG org.springframework.beans.factory.support.DefaultListableBeanFactory - Creating instance of bean 'org.springframework.context.annotation.internalRequiredAnnotationProcessor'
2012-10-22 16:44:42,355 [main] DEBUG org.springframework.beans.factory.support.DefaultListableBeanFactory - Eagerly caching bean 'org.springframework.context.annotation.internalRequiredAnnotationProcessor' to allow for resolving potential circular references
2012-10-22 16:44:42,356 [main] DEBUG org.springframework.beans.factory.support.DefaultListableBeanFactory - Finished creating instance of bean 'org.springframework.context.annotation.internalRequiredAnnotationProcessor'
2012-10-22 16:44:42,356 [main] DEBUG org.springframework.beans.factory.support.DefaultListableBeanFactory - Creating shared instance of singleton bean 'org.springframework.context.annotation.internalCommonAnnotationProcessor'
2012-10-22 16:44:42,356 [main] DEBUG org.springframework.beans.factory.support.DefaultListableBeanFactory - Creating instance of bean 'org.springframework.context.annotation.internalCommonAnnotationProcessor'
2012-10-22 16:44:42,362 [main] DEBUG org.springframework.beans.factory.support.DefaultListableBeanFactory - Eagerly caching bean 'org.springframework.context.annotation.internalCommonAnnotationProcessor' to allow for resolving potential circular references
2012-10-22 16:44:42,362 [main] DEBUG org.springframework.beans.factory.support.DefaultListableBeanFactory - Finished creating instance of bean 'org.springframework.context.annotation.internalCommonAnnotationProcessor'
2012-10-22 16:44:42,366 [main] DEBUG org.springframework.context.support.GenericApplicationContext - Unable to locate MessageSource with name 'messageSource': using default [org.springframework.context.support.DelegatingMessageSource@43a6684f]
2012-10-22 16:44:42,369 [main] DEBUG org.springframework.context.support.GenericApplicationContext - Unable to locate ApplicationEventMulticaster with name 'applicationEventMulticaster': using default [org.springframework.context.event.SimpleApplicationEventMulticaster@337ec9f7]
2012-10-22 16:44:42,370 [main] INFO  org.springframework.beans.factory.support.DefaultListableBeanFactory - Pre-instantiating singletons in org.springframework.beans.factory.support.DefaultListableBeanFactory@2f87c55c: defining beans [udbDao,org.springframework.context.annotation.internalConfigurationAnnotationProcessor,org.springframework.context.annotation.internalAutowiredAnnotationProcessor,org.springframework.context.annotation.internalRequiredAnnotationProcessor,org.springframework.context.annotation.internalCommonAnnotationProcessor,org.mybatis.spring.mapper.MapperScannerConfigurer#0,udbMapper,datasource]; root of factory hierarchy
2012-10-22 16:44:42,371 [main] DEBUG org.springframework.beans.factory.support.DefaultListableBeanFactory - Creating shared instance of singleton bean 'udbDao'
2012-10-22 16:44:42,371 [main] DEBUG org.springframework.beans.factory.support.DefaultListableBeanFactory - Creating instance of bean 'udbDao'
2012-10-22 16:44:42,380 [main] DEBUG org.springframework.beans.factory.annotation.InjectionMetadata - Found injected element on class [com.navteq.lbsp.ctg.trapster.modules.udb.mysql.mybatis.UdbDaoImpl]: AutowiredFieldElement for private com.navteq.lbsp.ctg.trapster.modules.udb.mysql.mybatis.UdbMapper com.navteq.lbsp.ctg.trapster.modules.udb.mysql.mybatis.UdbDaoImpl.mapper
2012-10-22 16:44:42,380 [main] DEBUG org.springframework.beans.factory.support.DefaultListableBeanFactory - Eagerly caching bean 'udbDao' to allow for resolving potential circular references
2012-10-22 16:44:42,386 [main] DEBUG org.springframework.beans.factory.annotation.InjectionMetadata - Processing injected method of bean 'udbDao': AutowiredFieldElement for private com.navteq.lbsp.ctg.trapster.modules.udb.mysql.mybatis.UdbMapper com.navteq.lbsp.ctg.trapster.modules.udb.mysql.mybatis.UdbDaoImpl.mapper
2012-10-22 16:44:42,389 [main] DEBUG org.springframework.beans.factory.support.DefaultListableBeanFactory - Creating shared instance of singleton bean 'udbMapper'
2012-10-22 16:44:42,389 [main] DEBUG org.springframework.beans.factory.support.DefaultListableBeanFactory - Creating instance of bean 'udbMapper'
2012-10-22 16:44:42,397 [main] DEBUG org.springframework.beans.factory.annotation.InjectionMetadata - Found injected element on class [org.mybatis.spring.mapper.MapperFactoryBean]: AutowiredMethodElement for public void org.mybatis.spring.mapper.MapperFactoryBean.setSqlSessionFactory(org.apache.ibatis.session.SqlSessionFactory)
2012-10-22 16:44:42,397 [main] DEBUG org.springframework.beans.factory.annotation.InjectionMetadata - Found injected element on class [org.mybatis.spring.mapper.MapperFactoryBean]: AutowiredMethodElement for public void org.mybatis.spring.mapper.MapperFactoryBean.setSqlSessionTemplate(org.mybatis.spring.SqlSessionTemplate)
2012-10-22 16:44:42,397 [main] DEBUG org.springframework.beans.factory.support.DefaultListableBeanFactory - Eagerly caching bean 'udbMapper' to allow for resolving potential circular references
2012-10-22 16:44:42,399 [main] DEBUG org.springframework.beans.factory.annotation.InjectionMetadata - Processing injected method of bean 'udbMapper': AutowiredMethodElement for public void org.mybatis.spring.mapper.MapperFactoryBean.setSqlSessionFactory(org.apache.ibatis.session.SqlSessionFactory)
2012-10-22 16:44:42,399 [main] DEBUG org.springframework.beans.factory.annotation.InjectionMetadata - Processing injected method of bean 'udbMapper': AutowiredMethodElement for public void org.mybatis.spring.mapper.MapperFactoryBean.setSqlSessionTemplate(org.mybatis.spring.SqlSessionTemplate)
2012-10-22 16:44:42,400 [main] DEBUG org.springframework.beans.factory.support.DefaultListableBeanFactory - Returning eagerly cached instance of singleton bean 'udbMapper' that is not fully initialized yet - a consequence of a circular reference
2012-10-22 16:44:42,402 [main] DEBUG org.springframework.beans.factory.support.DefaultListableBeanFactory - Creating instance of bean 'org.mybatis.spring.SqlSessionFactoryBean#27a897a9'
2012-10-22 16:44:42,409 [main] DEBUG org.apache.ibatis.logging.LogFactory - Logging initialized using 'org.apache.ibatis.logging.slf4j.Slf4jImpl' adapter.
2012-10-22 16:44:42,419 [main] DEBUG org.springframework.beans.factory.support.DefaultListableBeanFactory - Creating shared instance of singleton bean 'datasource'
2012-10-22 16:44:42,420 [main] DEBUG org.springframework.beans.factory.support.DefaultListableBeanFactory - Creating instance of bean 'datasource'
2012-10-22 16:44:42,475 [main] DEBUG org.springframework.beans.factory.support.DefaultListableBeanFactory - Eagerly caching bean 'datasource' to allow for resolving potential circular references
2012-10-22 16:44:42,600 [main] DEBUG org.springframework.beans.factory.support.DefaultListableBeanFactory - Finished creating instance of bean 'datasource'
2012-10-22 16:44:42,603 [main] DEBUG org.springframework.beans.factory.support.DefaultListableBeanFactory - Invoking afterPropertiesSet() on bean with name 'org.mybatis.spring.SqlSessionFactoryBean#27a897a9'
2012-10-22 16:44:42,603 [main] DEBUG org.mybatis.spring.SqlSessionFactoryBean - Property 'configLocation' not specified, using default MyBatis Configuration
2012-10-22 16:44:42,645 [main] DEBUG org.mybatis.spring.SqlSessionFactoryBean - Property 'mapperLocations' was not specified, only MyBatis mapper files specified in the config xml were loaded
2012-10-22 16:44:42,647 [main] DEBUG org.springframework.beans.factory.support.DefaultListableBeanFactory - Finished creating instance of bean 'org.mybatis.spring.SqlSessionFactoryBean#27a897a9'
2012-10-22 16:44:42,667 [main] DEBUG org.springframework.beans.factory.support.DefaultListableBeanFactory - Invoking afterPropertiesSet() on bean with name 'udbMapper'
2012-10-22 16:44:42,871 [main] DEBUG org.springframework.beans.factory.support.DefaultListableBeanFactory - Finished creating instance of bean 'udbMapper'
2012-10-22 16:44:42,873 [main] DEBUG org.springframework.beans.factory.support.DefaultListableBeanFactory - Returning cached instance of singleton bean 'udbMapper'
2012-10-22 16:44:42,881 [main] DEBUG org.springframework.beans.factory.annotation.AutowiredAnnotationBeanPostProcessor - Autowiring by type from bean name 'udbDao' to bean named 'udbMapper'
2012-10-22 16:44:42,882 [main] DEBUG org.springframework.beans.factory.support.DefaultListableBeanFactory - Finished creating instance of bean 'udbDao'
2012-10-22 16:44:42,882 [main] DEBUG org.springframework.beans.factory.support.DefaultListableBeanFactory - Returning cached instance of singleton bean 'org.springframework.context.annotation.internalConfigurationAnnotationProcessor'
2012-10-22 16:44:42,882 [main] DEBUG org.springframework.beans.factory.support.DefaultListableBeanFactory - Returning cached instance of singleton bean 'org.springframework.context.annotation.internalAutowiredAnnotationProcessor'
2012-10-22 16:44:42,882 [main] DEBUG org.springframework.beans.factory.support.DefaultListableBeanFactory - Returning cached instance of singleton bean 'org.springframework.context.annotation.internalRequiredAnnotationProcessor'
2012-10-22 16:44:42,882 [main] DEBUG org.springframework.beans.factory.support.DefaultListableBeanFactory - Returning cached instance of singleton bean 'org.springframework.context.annotation.internalCommonAnnotationProcessor'
2012-10-22 16:44:42,882 [main] DEBUG org.springframework.beans.factory.support.DefaultListableBeanFactory - Returning cached instance of singleton bean 'org.mybatis.spring.mapper.MapperScannerConfigurer#0'
2012-10-22 16:44:42,883 [main] DEBUG org.springframework.beans.factory.support.DefaultListableBeanFactory - Returning cached instance of singleton bean 'udbMapper'
2012-10-22 16:44:42,883 [main] DEBUG org.springframework.beans.factory.support.DefaultListableBeanFactory - Returning cached instance of singleton bean 'datasource'
2012-10-22 16:44:42,885 [main] DEBUG org.springframework.context.support.GenericApplicationContext - Unable to locate LifecycleProcessor with name 'lifecycleProcessor': using default [org.springframework.context.support.DefaultLifecycleProcessor@22b6d6ab]
2012-10-22 16:44:42,886 [main] DEBUG org.springframework.beans.factory.support.DefaultListableBeanFactory - Returning cached instance of singleton bean 'lifecycleProcessor'
2012-10-22 16:44:42,896 [main] DEBUG org.springframework.beans.factory.annotation.InjectionMetadata - Found injected element on class [com.navteq.lbsp.ctg.trapster.modules.udb.mysql.mybatis.UdbDaoImplTest]: AutowiredFieldElement for private com.navteq.lbsp.ctg.trapster.modules.udb.domain.UdbDao com.navteq.lbsp.ctg.trapster.modules.udb.mysql.mybatis.UdbDaoImplTest.udbDao
2012-10-22 16:44:42,896 [main] DEBUG org.springframework.beans.factory.annotation.InjectionMetadata - Processing injected method of bean 'com.navteq.lbsp.ctg.trapster.modules.udb.mysql.mybatis.UdbDaoImplTest': AutowiredFieldElement for private com.navteq.lbsp.ctg.trapster.modules.udb.domain.UdbDao com.navteq.lbsp.ctg.trapster.modules.udb.mysql.mybatis.UdbDaoImplTest.udbDao
2012-10-22 16:44:42,905 [main] DEBUG org.springframework.beans.factory.support.DefaultListableBeanFactory - Returning cached instance of singleton bean 'udbDao'
2012-10-22 16:44:42,905 [main] DEBUG org.springframework.beans.factory.annotation.AutowiredAnnotationBeanPostProcessor - Autowiring by type from bean name 'com.navteq.lbsp.ctg.trapster.modules.udb.mysql.mybatis.UdbDaoImplTest' to bean named 'udbDao'
2012-10-22 16:44:42,960 [main] DEBUG org.springframework.jdbc.datasource.DataSourceUtils - Fetching JDBC Connection from DataSource
2012-10-22 16:44:43,205 [main] DEBUG org.mybatis.spring.SqlSessionUtils - Creating SqlSession with JDBC Connection [com.mysql.jdbc.JDBC4Connection@4235e6e3]
2012-10-22 16:44:43,207 [main] DEBUG java.sql.Connection - ooo Connection Opened
2012-10-22 16:44:43,234 [main] DEBUG org.mybatis.spring.transaction.SpringManagedTransaction - JDBC Connection [com.mysql.jdbc.JDBC4Connection@4235e6e3] will not be managed by Spring
2012-10-22 16:44:43,239 [main] DEBUG org.mybatis.spring.SqlSessionUtils - SqlSession [org.apache.ibatis.session.defaults.DefaultSqlSession@49a5af9f] was not registered for synchronization because synchronization is not active
2012-10-22 16:44:43,371 [main] DEBUG java.sql.PreparedStatement - ==>  Executing: select id, name, uname, pwd, new_password, m_password, level, info, aradius, alert, signupdate, lastvotetime, numvotes, karma, agreed, tgpref, pmpref, pmsmsaddr, global_moderator, logged_site, newsletter, email_conf, status, lastkarma, sip, loginfailures, modapplydate, lastapitime, lastwebtime, confirmdate, confirmmethod, oauthdate from udb where name = ? 
2012-10-22 16:44:43,372 [main] DEBUG java.sql.PreparedStatement - ==> Parameters: demo(String)
2012-10-22 16:44:43,415 [main] DEBUG java.sql.ResultSet - <==    Columns: id, name, uname, pwd, new_password, m_password, level, info, aradius, alert, signupdate, lastvotetime, numvotes, karma, agreed, tgpref, pmpref, pmsmsaddr, global_moderator, logged_site, newsletter, email_conf, status, lastkarma, sip, loginfailures, modapplydate, lastapitime, lastwebtime, confirmdate, confirmmethod, oauthdate
2012-10-22 16:44:43,423 [main] DEBUG java.sql.ResultSet - <==        Row: 103053285, demo, demo-no-email, , xxxxxxxxx, xxxxxxxxxx, 0, , 0.01, , null, null, 7, -1, Y, A, Y, , 0, Y, Y, O, A, -1, N, 0, 1970-01-01 00:00:00.0, 1970-01-01 00:00:00.0, 1970-01-01 00:00:00.0, null, , 2012-10-22 16:44:11.0
2012-10-22 16:44:43,435 [main] DEBUG org.mybatis.spring.SqlSessionUtils - Closing no transactional SqlSession [org.apache.ibatis.session.defaults.DefaultSqlSession@49a5af9f]
2012-10-22 16:44:43,435 [main] DEBUG org.springframework.jdbc.datasource.DataSourceUtils - Returning JDBC Connection to DataSource
2012-10-22 16:44:43,439 [main] DEBUG org.springframework.jdbc.datasource.DataSourceUtils - Fetching JDBC Connection from DataSource
2012-10-22 16:44:43,484 [main] DEBUG org.mybatis.spring.SqlSessionUtils - Creating SqlSession with JDBC Connection [com.mysql.jdbc.JDBC4Connection@3e68cd79]
2012-10-22 16:44:43,484 [main] DEBUG java.sql.Connection - ooo Connection Opened
2012-10-22 16:44:43,485 [main] DEBUG org.mybatis.spring.transaction.SpringManagedTransaction - JDBC Connection [com.mysql.jdbc.JDBC4Connection@3e68cd79] will not be managed by Spring
2012-10-22 16:44:43,485 [main] DEBUG org.mybatis.spring.SqlSessionUtils - SqlSession [org.apache.ibatis.session.defaults.DefaultSqlSession@5289e2f1] was not registered for synchronization because synchronization is not active
2012-10-22 16:44:43,486 [main] DEBUG java.sql.PreparedStatement - ==>  Executing: select id, name, uname, pwd, new_password, m_password, level, info, aradius, alert, signupdate, lastvotetime, numvotes, karma, agreed, tgpref, pmpref, pmsmsaddr, global_moderator, logged_site, newsletter, email_conf, status, lastkarma, sip, loginfailures, modapplydate, lastapitime, lastwebtime, confirmdate, confirmmethod, oauthdate from udb where name = ? 
2012-10-22 16:44:43,487 [main] DEBUG java.sql.PreparedStatement - ==> Parameters: demo(String)
2012-10-22 16:44:43,490 [main] DEBUG java.sql.ResultSet - <==    Columns: id, name, uname, pwd, new_password, m_password, level, info, aradius, alert, signupdate, lastvotetime, numvotes, karma, agreed, tgpref, pmpref, pmsmsaddr, global_moderator, logged_site, newsletter, email_conf, status, lastkarma, sip, loginfailures, modapplydate, lastapitime, lastwebtime, confirmdate, confirmmethod, oauthdate
2012-10-22 16:44:43,492 [main] DEBUG java.sql.ResultSet - <==        Row: 103053285, demo, demo-no-email, , xxxxxxxxx, xxxxxxxxxx, 0, , 0.01, , null, null, 7, -1, Y, A, Y, , 0, Y, Y, O, A, -1, N, 0, 1970-01-01 00:00:00.0, 1970-01-01 00:00:00.0, 1970-01-01 00:00:00.0, null, , 2012-10-22 16:44:11.0
2012-10-22 16:44:43,499 [main] DEBUG org.mybatis.spring.SqlSessionUtils - Closing no transactional SqlSession [org.apache.ibatis.session.defaults.DefaultSqlSession@5289e2f1]
2012-10-22 16:44:43,499 [main] DEBUG org.springframework.jdbc.datasource.DataSourceUtils - Returning JDBC Connection to DataSource
2012-10-22 16:44:43,501 [main] DEBUG org.springframework.test.context.support.DirtiesContextTestExecutionListener - After test method: context [[TestContext@32ef2c60 testClass = UdbDaoImplTest, locations = array<String>['classpath:spring-nvtsfw-context.xml'], testInstance = com.navteq.lbsp.ctg.trapster.modules.udb.mysql.mybatis.UdbDaoImplTest@744a6cbf, testMethod = testByName@UdbDaoImplTest, testException = [null]]], class dirties context [false], class mode [null], method dirties context [false].
2012-10-22 16:44:43,505 [main] DEBUG org.springframework.test.annotation.ProfileValueUtils - Retrieved @ProfileValueSourceConfiguration [null] for test class [com.navteq.lbsp.ctg.trapster.modules.udb.mysql.mybatis.UdbDaoImplTest]
2012-10-22 16:44:43,505 [main] DEBUG org.springframework.test.annotation.ProfileValueUtils - Retrieved ProfileValueSource type [class org.springframework.test.annotation.SystemProfileValueSource] for class [com.navteq.lbsp.ctg.trapster.modules.udb.mysql.mybatis.UdbDaoImplTest]
2012-10-22 16:44:43,506 [main] DEBUG org.springframework.test.context.support.DependencyInjectionTestExecutionListener - Performing dependency injection for test context [[TestContext@32ef2c60 testClass = UdbDaoImplTest, locations = array<String>['classpath:spring-nvtsfw-context.xml'], testInstance = com.navteq.lbsp.ctg.trapster.modules.udb.mysql.mybatis.UdbDaoImplTest@1b59d510, testMethod = [null], testException = [null]]].
2012-10-22 16:44:43,507 [main] DEBUG org.springframework.beans.factory.annotation.InjectionMetadata - Processing injected method of bean 'com.navteq.lbsp.ctg.trapster.modules.udb.mysql.mybatis.UdbDaoImplTest': AutowiredFieldElement for private com.navteq.lbsp.ctg.trapster.modules.udb.domain.UdbDao com.navteq.lbsp.ctg.trapster.modules.udb.mysql.mybatis.UdbDaoImplTest.udbDao
2012-10-22 16:44:43,507 [main] DEBUG org.springframework.beans.factory.support.DefaultListableBeanFactory - Returning cached instance of singleton bean 'udbDao'
2012-10-22 16:44:43,508 [main] DEBUG org.springframework.jdbc.datasource.DataSourceUtils - Fetching JDBC Connection from DataSource
2012-10-22 16:44:43,540 [main] DEBUG org.mybatis.spring.SqlSessionUtils - Creating SqlSession with JDBC Connection [com.mysql.jdbc.JDBC4Connection@39518cc]
2012-10-22 16:44:43,541 [main] DEBUG java.sql.Connection - ooo Connection Opened
2012-10-22 16:44:43,541 [main] DEBUG org.mybatis.spring.transaction.SpringManagedTransaction - JDBC Connection [com.mysql.jdbc.JDBC4Connection@39518cc] will not be managed by Spring
2012-10-22 16:44:43,541 [main] DEBUG org.mybatis.spring.SqlSessionUtils - SqlSession [org.apache.ibatis.session.defaults.DefaultSqlSession@318efaea] was not registered for synchronization because synchronization is not active
2012-10-22 16:44:43,542 [main] DEBUG java.sql.PreparedStatement - ==>  Executing: select id, name, uname, pwd, new_password, m_password, level, info, aradius, alert, signupdate, lastvotetime, numvotes, karma, agreed, tgpref, pmpref, pmsmsaddr, global_moderator, logged_site, newsletter, email_conf, status, lastkarma, sip, loginfailures, modapplydate, lastapitime, lastwebtime, confirmdate, confirmmethod, oauthdate from udb where name = ? 
2012-10-22 16:44:43,543 [main] DEBUG java.sql.PreparedStatement - ==> Parameters: demo(String)
2012-10-22 16:44:43,548 [main] DEBUG java.sql.ResultSet - <==    Columns: id, name, uname, pwd, new_password, m_password, level, info, aradius, alert, signupdate, lastvotetime, numvotes, karma, agreed, tgpref, pmpref, pmsmsaddr, global_moderator, logged_site, newsletter, email_conf, status, lastkarma, sip, loginfailures, modapplydate, lastapitime, lastwebtime, confirmdate, confirmmethod, oauthdate
2012-10-22 16:44:43,552 [main] DEBUG java.sql.ResultSet - <==        Row: 103053285, demo, demo-no-email, , xxxxxxxxx, xxxxxxxxxx, 0, , 0.01, , null, null, 7, -1, Y, A, Y, , 0, Y, Y, O, A, -1, N, 0, 1970-01-01 00:00:00.0, 1970-01-01 00:00:00.0, 1970-01-01 00:00:00.0, null, , 2012-10-22 16:44:11.0
2012-10-22 16:44:43,564 [main] DEBUG org.mybatis.spring.SqlSessionUtils - Closing no transactional SqlSession [org.apache.ibatis.session.defaults.DefaultSqlSession@318efaea]
2012-10-22 16:44:43,565 [main] DEBUG org.springframework.jdbc.datasource.DataSourceUtils - Returning JDBC Connection to DataSource
2012-10-22 16:44:43,565 [main] DEBUG org.springframework.jdbc.datasource.DataSourceUtils - Fetching JDBC Connection from DataSource
2012-10-22 16:44:43,610 [main] DEBUG org.mybatis.spring.SqlSessionUtils - Creating SqlSession with JDBC Connection [com.mysql.jdbc.JDBC4Connection@3efd66a5]
2012-10-22 16:44:43,610 [main] DEBUG java.sql.Connection - ooo Connection Opened
2012-10-22 16:44:43,611 [main] DEBUG org.mybatis.spring.transaction.SpringManagedTransaction - JDBC Connection [com.mysql.jdbc.JDBC4Connection@3efd66a5] will not be managed by Spring
2012-10-22 16:44:43,611 [main] DEBUG org.mybatis.spring.SqlSessionUtils - SqlSession [org.apache.ibatis.session.defaults.DefaultSqlSession@6e5dfaf1] was not registered for synchronization because synchronization is not active
2012-10-22 16:44:43,613 [main] DEBUG java.sql.PreparedStatement - ==>  Executing: select id, name, uname, pwd, new_password, m_password, level, info, aradius, alert, signupdate, lastvotetime, numvotes, karma, agreed, tgpref, pmpref, pmsmsaddr, global_moderator, logged_site, newsletter, email_conf, status, lastkarma, sip, loginfailures, modapplydate, lastapitime, lastwebtime, confirmdate, confirmmethod, oauthdate from udb where name = ? or uname = ? 
2012-10-22 16:44:43,616 [main] DEBUG java.sql.PreparedStatement - ==> Parameters: demo(String), demo(String)
2012-10-22 16:44:43,619 [main] DEBUG java.sql.ResultSet - <==    Columns: id, name, uname, pwd, new_password, m_password, level, info, aradius, alert, signupdate, lastvotetime, numvotes, karma, agreed, tgpref, pmpref, pmsmsaddr, global_moderator, logged_site, newsletter, email_conf, status, lastkarma, sip, loginfailures, modapplydate, lastapitime, lastwebtime, confirmdate, confirmmethod, oauthdate
2012-10-22 16:44:43,623 [main] DEBUG java.sql.ResultSet - <==        Row: 103053285, demo, demo-no-email, , xxxxxxxxx, xxxxxxxxxx, 0, , 0.01, , null, null, 7, -1, Y, A, Y, , 0, Y, Y, O, A, -1, N, 0, 1970-01-01 00:00:00.0, 1970-01-01 00:00:00.0, 1970-01-01 00:00:00.0, null, , 2012-10-22 16:44:11.0
2012-10-22 16:44:43,631 [main] DEBUG org.mybatis.spring.SqlSessionUtils - Closing no transactional SqlSession [org.apache.ibatis.session.defaults.DefaultSqlSession@6e5dfaf1]
2012-10-22 16:44:43,631 [main] DEBUG org.springframework.jdbc.datasource.DataSourceUtils - Returning JDBC Connection to DataSource
2012-10-22 16:44:43,632 [main] DEBUG org.springframework.jdbc.datasource.DataSourceUtils - Fetching JDBC Connection from DataSource
2012-10-22 16:44:43,668 [main] DEBUG org.mybatis.spring.SqlSessionUtils - Creating SqlSession with JDBC Connection [com.mysql.jdbc.JDBC4Connection@3c3228a1]
2012-10-22 16:44:43,668 [main] DEBUG java.sql.Connection - ooo Connection Opened
2012-10-22 16:44:43,669 [main] DEBUG org.mybatis.spring.transaction.SpringManagedTransaction - JDBC Connection [com.mysql.jdbc.JDBC4Connection@3c3228a1] will not be managed by Spring
2012-10-22 16:44:43,669 [main] DEBUG org.mybatis.spring.SqlSessionUtils - SqlSession [org.apache.ibatis.session.defaults.DefaultSqlSession@10980e7] was not registered for synchronization because synchronization is not active
2012-10-22 16:44:43,670 [main] DEBUG java.sql.PreparedStatement - ==>  Executing: select id, name, uname, pwd, new_password, m_password, level, info, aradius, alert, signupdate, lastvotetime, numvotes, karma, agreed, tgpref, pmpref, pmsmsaddr, global_moderator, logged_site, newsletter, email_conf, status, lastkarma, sip, loginfailures, modapplydate, lastapitime, lastwebtime, confirmdate, confirmmethod, oauthdate from udb where name = ? or uname = ? 
2012-10-22 16:44:43,671 [main] DEBUG java.sql.PreparedStatement - ==> Parameters: demo-no-email(String), demo-no-email(String)
2012-10-22 16:44:43,673 [main] DEBUG java.sql.ResultSet - <==    Columns: id, name, uname, pwd, new_password, m_password, level, info, aradius, alert, signupdate, lastvotetime, numvotes, karma, agreed, tgpref, pmpref, pmsmsaddr, global_moderator, logged_site, newsletter, email_conf, status, lastkarma, sip, loginfailures, modapplydate, lastapitime, lastwebtime, confirmdate, confirmmethod, oauthdate
2012-10-22 16:44:43,675 [main] DEBUG java.sql.ResultSet - <==        Row: 103053285, demo, demo-no-email, , xxxxxxxxx, xxxxxxxxxx, 0, , 0.01, , null, null, 7, -1, Y, A, Y, , 0, Y, Y, O, A, -1, N, 0, 1970-01-01 00:00:00.0, 1970-01-01 00:00:00.0, 1970-01-01 00:00:00.0, null, , 2012-10-22 16:44:11.0
2012-10-22 16:44:43,681 [main] DEBUG org.mybatis.spring.SqlSessionUtils - Closing no transactional SqlSession [org.apache.ibatis.session.defaults.DefaultSqlSession@10980e7]
2012-10-22 16:44:43,681 [main] DEBUG org.springframework.jdbc.datasource.DataSourceUtils - Returning JDBC Connection to DataSource
2012-10-22 16:44:43,681 [main] DEBUG org.springframework.test.context.support.DirtiesContextTestExecutionListener - After test method: context [[TestContext@32ef2c60 testClass = UdbDaoImplTest, locations = array<String>['classpath:spring-nvtsfw-context.xml'], testInstance = com.navteq.lbsp.ctg.trapster.modules.udb.mysql.mybatis.UdbDaoImplTest@1b59d510, testMethod = testByNameOrUname@UdbDaoImplTest, testException = [null]]], class dirties context [false], class mode [null], method dirties context [false].
2012-10-22 16:44:43,682 [main] DEBUG org.springframework.test.annotation.ProfileValueUtils - Retrieved @ProfileValueSourceConfiguration [null] for test class [com.navteq.lbsp.ctg.trapster.modules.udb.mysql.mybatis.UdbDaoImplTest]
2012-10-22 16:44:43,683 [main] DEBUG org.springframework.test.annotation.ProfileValueUtils - Retrieved ProfileValueSource type [class org.springframework.test.annotation.SystemProfileValueSource] for class [com.navteq.lbsp.ctg.trapster.modules.udb.mysql.mybatis.UdbDaoImplTest]
2012-10-22 16:44:43,684 [main] DEBUG org.springframework.test.context.support.DependencyInjectionTestExecutionListener - Performing dependency injection for test context [[TestContext@32ef2c60 testClass = UdbDaoImplTest, locations = array<String>['classpath:spring-nvtsfw-context.xml'], testInstance = com.navteq.lbsp.ctg.trapster.modules.udb.mysql.mybatis.UdbDaoImplTest@52639bf1, testMethod = [null], testException = [null]]].
2012-10-22 16:44:43,684 [main] DEBUG org.springframework.beans.factory.annotation.InjectionMetadata - Processing injected method of bean 'com.navteq.lbsp.ctg.trapster.modules.udb.mysql.mybatis.UdbDaoImplTest': AutowiredFieldElement for private com.navteq.lbsp.ctg.trapster.modules.udb.domain.UdbDao com.navteq.lbsp.ctg.trapster.modules.udb.mysql.mybatis.UdbDaoImplTest.udbDao
2012-10-22 16:44:43,684 [main] DEBUG org.springframework.beans.factory.support.DefaultListableBeanFactory - Returning cached instance of singleton bean 'udbDao'
2012-10-22 16:44:43,685 [main] DEBUG org.springframework.jdbc.datasource.DataSourceUtils - Fetching JDBC Connection from DataSource
2012-10-22 16:44:43,715 [main] DEBUG org.mybatis.spring.SqlSessionUtils - Creating SqlSession with JDBC Connection [com.mysql.jdbc.JDBC4Connection@6bd38b87]
2012-10-22 16:44:43,715 [main] DEBUG java.sql.Connection - ooo Connection Opened
2012-10-22 16:44:43,716 [main] DEBUG org.mybatis.spring.transaction.SpringManagedTransaction - JDBC Connection [com.mysql.jdbc.JDBC4Connection@6bd38b87] will not be managed by Spring
2012-10-22 16:44:43,716 [main] DEBUG org.mybatis.spring.SqlSessionUtils - SqlSession [org.apache.ibatis.session.defaults.DefaultSqlSession@d6d835f] was not registered for synchronization because synchronization is not active
2012-10-22 16:44:43,717 [main] DEBUG java.sql.PreparedStatement - ==>  Executing: select id, name, uname, pwd, new_password, m_password, level, info, aradius, alert, signupdate, lastvotetime, numvotes, karma, agreed, tgpref, pmpref, pmsmsaddr, global_moderator, logged_site, newsletter, email_conf, status, lastkarma, sip, loginfailures, modapplydate, lastapitime, lastwebtime, confirmdate, confirmmethod, oauthdate from udb where name = ? 
2012-10-22 16:44:43,718 [main] DEBUG java.sql.PreparedStatement - ==> Parameters: demo(String)
2012-10-22 16:44:43,721 [main] DEBUG java.sql.ResultSet - <==    Columns: id, name, uname, pwd, new_password, m_password, level, info, aradius, alert, signupdate, lastvotetime, numvotes, karma, agreed, tgpref, pmpref, pmsmsaddr, global_moderator, logged_site, newsletter, email_conf, status, lastkarma, sip, loginfailures, modapplydate, lastapitime, lastwebtime, confirmdate, confirmmethod, oauthdate
2012-10-22 16:44:43,723 [main] DEBUG java.sql.ResultSet - <==        Row: 103053285, demo, demo-no-email, , xxxxxxxxx, xxxxxxxxxx, 0, , 0.01, , null, null, 7, -1, Y, A, Y, , 0, Y, Y, O, A, -1, N, 0, 1970-01-01 00:00:00.0, 1970-01-01 00:00:00.0, 1970-01-01 00:00:00.0, null, , 2012-10-22 16:44:11.0
2012-10-22 16:44:43,729 [main] DEBUG org.mybatis.spring.SqlSessionUtils - Closing no transactional SqlSession [org.apache.ibatis.session.defaults.DefaultSqlSession@d6d835f]
2012-10-22 16:44:43,729 [main] DEBUG org.springframework.jdbc.datasource.DataSourceUtils - Returning JDBC Connection to DataSource
2012-10-22 16:44:43,730 [main] DEBUG org.springframework.jdbc.datasource.DataSourceUtils - Fetching JDBC Connection from DataSource
2012-10-22 16:44:43,761 [main] DEBUG org.mybatis.spring.SqlSessionUtils - Creating SqlSession with JDBC Connection [com.mysql.jdbc.JDBC4Connection@1e670479]
2012-10-22 16:44:43,762 [main] DEBUG java.sql.Connection - ooo Connection Opened
2012-10-22 16:44:43,762 [main] DEBUG org.mybatis.spring.transaction.SpringManagedTransaction - JDBC Connection [com.mysql.jdbc.JDBC4Connection@1e670479] will not be managed by Spring
2012-10-22 16:44:43,762 [main] DEBUG org.mybatis.spring.SqlSessionUtils - SqlSession [org.apache.ibatis.session.defaults.DefaultSqlSession@7d56b386] was not registered for synchronization because synchronization is not active
2012-10-22 16:44:43,763 [main] DEBUG java.sql.PreparedStatement - ==>  Executing: select id, name, uname, pwd, new_password, m_password, level, info, aradius, alert, signupdate, lastvotetime, numvotes, karma, agreed, tgpref, pmpref, pmsmsaddr, global_moderator, logged_site, newsletter, email_conf, status, lastkarma, sip, loginfailures, modapplydate, lastapitime, lastwebtime, confirmdate, confirmmethod, oauthdate from udb where uname = ? 
2012-10-22 16:44:43,765 [main] DEBUG java.sql.PreparedStatement - ==> Parameters: demo-no-email(String)
2012-10-22 16:44:43,767 [main] DEBUG java.sql.ResultSet - <==    Columns: id, name, uname, pwd, new_password, m_password, level, info, aradius, alert, signupdate, lastvotetime, numvotes, karma, agreed, tgpref, pmpref, pmsmsaddr, global_moderator, logged_site, newsletter, email_conf, status, lastkarma, sip, loginfailures, modapplydate, lastapitime, lastwebtime, confirmdate, confirmmethod, oauthdate
2012-10-22 16:44:43,769 [main] DEBUG java.sql.ResultSet - <==        Row: 103053285, demo, demo-no-email, , xxxxxxxxx, xxxxxxxxxx, 0, , 0.01, , null, null, 7, -1, Y, A, Y, , 0, Y, Y, O, A, -1, N, 0, 1970-01-01 00:00:00.0, 1970-01-01 00:00:00.0, 1970-01-01 00:00:00.0, null, , 2012-10-22 16:44:11.0
2012-10-22 16:44:43,775 [main] DEBUG org.mybatis.spring.SqlSessionUtils - Closing no transactional SqlSession [org.apache.ibatis.session.defaults.DefaultSqlSession@7d56b386]
2012-10-22 16:44:43,775 [main] DEBUG org.springframework.jdbc.datasource.DataSourceUtils - Returning JDBC Connection to DataSource
2012-10-22 16:44:43,775 [main] DEBUG org.springframework.test.context.support.DirtiesContextTestExecutionListener - After test method: context [[TestContext@32ef2c60 testClass = UdbDaoImplTest, locations = array<String>['classpath:spring-nvtsfw-context.xml'], testInstance = com.navteq.lbsp.ctg.trapster.modules.udb.mysql.mybatis.UdbDaoImplTest@52639bf1, testMethod = testByUname@UdbDaoImplTest, testException = [null]]], class dirties context [false], class mode [null], method dirties context [false].
2012-10-22 16:44:43,777 [main] DEBUG org.springframework.test.annotation.ProfileValueUtils - Retrieved @ProfileValueSourceConfiguration [null] for test class [com.navteq.lbsp.ctg.trapster.modules.udb.mysql.mybatis.UdbDaoImplTest]
2012-10-22 16:44:43,777 [main] DEBUG org.springframework.test.annotation.ProfileValueUtils - Retrieved ProfileValueSource type [class org.springframework.test.annotation.SystemProfileValueSource] for class [com.navteq.lbsp.ctg.trapster.modules.udb.mysql.mybatis.UdbDaoImplTest]
2012-10-22 16:44:43,778 [main] DEBUG org.springframework.test.context.support.DependencyInjectionTestExecutionListener - Performing dependency injection for test context [[TestContext@32ef2c60 testClass = UdbDaoImplTest, locations = array<String>['classpath:spring-nvtsfw-context.xml'], testInstance = com.navteq.lbsp.ctg.trapster.modules.udb.mysql.mybatis.UdbDaoImplTest@25cbfa42, testMethod = [null], testException = [null]]].
2012-10-22 16:44:43,778 [main] DEBUG org.springframework.beans.factory.annotation.InjectionMetadata - Processing injected method of bean 'com.navteq.lbsp.ctg.trapster.modules.udb.mysql.mybatis.UdbDaoImplTest': AutowiredFieldElement for private com.navteq.lbsp.ctg.trapster.modules.udb.domain.UdbDao com.navteq.lbsp.ctg.trapster.modules.udb.mysql.mybatis.UdbDaoImplTest.udbDao
2012-10-22 16:44:43,778 [main] DEBUG org.springframework.beans.factory.support.DefaultListableBeanFactory - Returning cached instance of singleton bean 'udbDao'
2012-10-22 16:44:43,779 [main] DEBUG org.springframework.jdbc.datasource.DataSourceUtils - Fetching JDBC Connection from DataSource
2012-10-22 16:44:43,808 [main] DEBUG org.mybatis.spring.SqlSessionUtils - Creating SqlSession with JDBC Connection [com.mysql.jdbc.JDBC4Connection@584a5c78]
2012-10-22 16:44:43,808 [main] DEBUG java.sql.Connection - ooo Connection Opened
2012-10-22 16:44:43,808 [main] DEBUG org.mybatis.spring.transaction.SpringManagedTransaction - JDBC Connection [com.mysql.jdbc.JDBC4Connection@584a5c78] will not be managed by Spring
2012-10-22 16:44:43,808 [main] DEBUG org.mybatis.spring.SqlSessionUtils - SqlSession [org.apache.ibatis.session.defaults.DefaultSqlSession@79fcf790] was not registered for synchronization because synchronization is not active
2012-10-22 16:44:43,809 [main] DEBUG java.sql.PreparedStatement - ==>  Executing: select id, name, uname, pwd, new_password, m_password, level, info, aradius, alert, signupdate, lastvotetime, numvotes, karma, agreed, tgpref, pmpref, pmsmsaddr, global_moderator, logged_site, newsletter, email_conf, status, lastkarma, sip, loginfailures, modapplydate, lastapitime, lastwebtime, confirmdate, confirmmethod, oauthdate from udb where name = ? 
2012-10-22 16:44:43,810 [main] DEBUG java.sql.PreparedStatement - ==> Parameters: demo(String)
2012-10-22 16:44:43,812 [main] DEBUG java.sql.ResultSet - <==    Columns: id, name, uname, pwd, new_password, m_password, level, info, aradius, alert, signupdate, lastvotetime, numvotes, karma, agreed, tgpref, pmpref, pmsmsaddr, global_moderator, logged_site, newsletter, email_conf, status, lastkarma, sip, loginfailures, modapplydate, lastapitime, lastwebtime, confirmdate, confirmmethod, oauthdate
2012-10-22 16:44:43,814 [main] DEBUG java.sql.ResultSet - <==        Row: 103053285, demo, demo-no-email, , xxxxxxxxx, xxxxxxxxxx, 0, , 0.01, , null, null, 7, -1, Y, A, Y, , 0, Y, Y, O, A, -1, N, 0, 1970-01-01 00:00:00.0, 1970-01-01 00:00:00.0, 1970-01-01 00:00:00.0, null, , 2012-10-22 16:44:11.0
2012-10-22 16:44:43,820 [main] DEBUG org.mybatis.spring.SqlSessionUtils - Closing no transactional SqlSession [org.apache.ibatis.session.defaults.DefaultSqlSession@79fcf790]
2012-10-22 16:44:43,820 [main] DEBUG org.springframework.jdbc.datasource.DataSourceUtils - Returning JDBC Connection to DataSource
2012-10-22 16:44:43,821 [main] DEBUG org.springframework.jdbc.datasource.DataSourceUtils - Fetching JDBC Connection from DataSource
2012-10-22 16:44:43,866 [main] DEBUG org.mybatis.spring.SqlSessionUtils - Creating SqlSession with JDBC Connection [com.mysql.jdbc.JDBC4Connection@1f3a34af]
2012-10-22 16:44:43,866 [main] DEBUG java.sql.Connection - ooo Connection Opened
2012-10-22 16:44:43,868 [main] DEBUG org.mybatis.spring.transaction.SpringManagedTransaction - JDBC Connection [com.mysql.jdbc.JDBC4Connection@1f3a34af] will not be managed by Spring
2012-10-22 16:44:43,868 [main] DEBUG org.mybatis.spring.SqlSessionUtils - SqlSession [org.apache.ibatis.session.defaults.DefaultSqlSession@746db33c] was not registered for synchronization because synchronization is not active
2012-10-22 16:44:43,869 [main] DEBUG java.sql.PreparedStatement - ==>  Executing: select id, name, uname, pwd, new_password, m_password, level, info, aradius, alert, signupdate, lastvotetime, numvotes, karma, agreed, tgpref, pmpref, pmsmsaddr, global_moderator, logged_site, newsletter, email_conf, status, lastkarma, sip, loginfailures, modapplydate, lastapitime, lastwebtime, confirmdate, confirmmethod, oauthdate from udb where name = ? 
2012-10-22 16:44:43,870 [main] DEBUG java.sql.PreparedStatement - ==> Parameters: demo(String)
2012-10-22 16:44:43,873 [main] DEBUG java.sql.ResultSet - <==    Columns: id, name, uname, pwd, new_password, m_password, level, info, aradius, alert, signupdate, lastvotetime, numvotes, karma, agreed, tgpref, pmpref, pmsmsaddr, global_moderator, logged_site, newsletter, email_conf, status, lastkarma, sip, loginfailures, modapplydate, lastapitime, lastwebtime, confirmdate, confirmmethod, oauthdate
2012-10-22 16:44:43,875 [main] DEBUG java.sql.ResultSet - <==        Row: 103053285, demo, demo-no-email, , xxxxxxxxx, xxxxxxxxxx, 0, , 0.01, , null, null, 7, -1, Y, A, Y, , 0, Y, Y, O, A, -1, N, 0, 1970-01-01 00:00:00.0, 1970-01-01 00:00:00.0, 1970-01-01 00:00:00.0, null, , 2012-10-22 16:44:11.0
2012-10-22 16:44:43,880 [main] DEBUG org.mybatis.spring.SqlSessionUtils - Closing no transactional SqlSession [org.apache.ibatis.session.defaults.DefaultSqlSession@746db33c]
2012-10-22 16:44:43,881 [main] DEBUG org.springframework.jdbc.datasource.DataSourceUtils - Returning JDBC Connection to DataSource
2012-10-22 16:44:43,881 [main] DEBUG org.springframework.jdbc.datasource.DataSourceUtils - Fetching JDBC Connection from DataSource
2012-10-22 16:44:43,910 [main] DEBUG org.mybatis.spring.SqlSessionUtils - Creating SqlSession with JDBC Connection [com.mysql.jdbc.JDBC4Connection@45389b3f]
2012-10-22 16:44:43,910 [main] DEBUG java.sql.Connection - ooo Connection Opened
2012-10-22 16:44:43,910 [main] DEBUG org.mybatis.spring.transaction.SpringManagedTransaction - JDBC Connection [com.mysql.jdbc.JDBC4Connection@45389b3f] will not be managed by Spring
2012-10-22 16:44:43,910 [main] DEBUG org.mybatis.spring.SqlSessionUtils - SqlSession [org.apache.ibatis.session.defaults.DefaultSqlSession@758689a] was not registered for synchronization because synchronization is not active
2012-10-22 16:44:43,960 [main] DEBUG java.sql.PreparedStatement - ==>  Executing: update udb SET name = ?, uname = ?, pwd = ?, new_password = ?, m_password = ?, level = ?, info = ?, aradius = ?, alert = ?, numvotes = ?, karma = ?, agreed = ?, tgpref = ?, pmpref = ?, pmsmsaddr = ?, global_moderator = ?, logged_site = ?, newsletter = ?, email_conf = ?, status = ?, lastkarma = ?, sip = ?, loginfailures = ?, modapplydate = ?, lastapitime = ?, lastwebtime = ?, oauthdate = ?, confirmmethod = ? where id = ? 
2012-10-22 16:44:43,962 [main] DEBUG java.sql.PreparedStatement - ==> Parameters: demo(String), demo-no-email(String), (String), xxxxxxxxx(String), xxxxxxxxxx(String), 0(Integer), (String), 0.01(Double), (String), 8(Integer), -1(Integer), Y(String), A(String), Y(String), (String), 0(Integer), Y(String), Y(String), O(String), A(String), -1(Integer), N(String), 0(Integer), 1970-01-01 00:00:00.0(Timestamp), 1970-01-01 00:00:00.0(Timestamp), 1970-01-01 00:00:00.0(Timestamp), 2012-10-22 16:44:11.0(Timestamp), (String), 103053285(Long)
2012-10-22 16:44:43,963 [main] DEBUG org.mybatis.spring.SqlSessionUtils - Closing no transactional SqlSession [org.apache.ibatis.session.defaults.DefaultSqlSession@758689a]
2012-10-22 16:44:43,964 [main] DEBUG org.springframework.jdbc.datasource.DataSourceUtils - Returning JDBC Connection to DataSource
2012-10-22 16:44:43,965 [main] DEBUG org.springframework.jdbc.datasource.DataSourceUtils - Fetching JDBC Connection from DataSource
2012-10-22 16:44:43,997 [main] DEBUG org.mybatis.spring.SqlSessionUtils - Creating SqlSession with JDBC Connection [com.mysql.jdbc.JDBC4Connection@4ec1a0eb]
2012-10-22 16:44:43,998 [main] DEBUG java.sql.Connection - ooo Connection Opened
2012-10-22 16:44:43,998 [main] DEBUG org.mybatis.spring.transaction.SpringManagedTransaction - JDBC Connection [com.mysql.jdbc.JDBC4Connection@4ec1a0eb] will not be managed by Spring
2012-10-22 16:44:43,998 [main] DEBUG org.mybatis.spring.SqlSessionUtils - SqlSession [org.apache.ibatis.session.defaults.DefaultSqlSession@a2bccb2] was not registered for synchronization because synchronization is not active
2012-10-22 16:44:43,999 [main] DEBUG java.sql.PreparedStatement - ==>  Executing: select id, name, uname, pwd, new_password, m_password, level, info, aradius, alert, signupdate, lastvotetime, numvotes, karma, agreed, tgpref, pmpref, pmsmsaddr, global_moderator, logged_site, newsletter, email_conf, status, lastkarma, sip, loginfailures, modapplydate, lastapitime, lastwebtime, confirmdate, confirmmethod, oauthdate from udb where name = ? 
2012-10-22 16:44:44,000 [main] DEBUG java.sql.PreparedStatement - ==> Parameters: demo(String)
2012-10-22 16:44:44,002 [main] DEBUG java.sql.ResultSet - <==    Columns: id, name, uname, pwd, new_password, m_password, level, info, aradius, alert, signupdate, lastvotetime, numvotes, karma, agreed, tgpref, pmpref, pmsmsaddr, global_moderator, logged_site, newsletter, email_conf, status, lastkarma, sip, loginfailures, modapplydate, lastapitime, lastwebtime, confirmdate, confirmmethod, oauthdate
2012-10-22 16:44:44,004 [main] DEBUG java.sql.ResultSet - <==        Row: 103053285, demo, demo-no-email, , xxxxxxxxx, xxxxxxxxxx, 0, , 0.01, , null, null, 8, -1, Y, A, Y, , 0, Y, Y, O, A, -1, N, 0, 1970-01-01 00:00:00.0, 1970-01-01 00:00:00.0, 1970-01-01 00:00:00.0, null, , 2012-10-22 16:44:11.0
2012-10-22 16:44:44,008 [main] DEBUG org.mybatis.spring.SqlSessionUtils - Closing no transactional SqlSession [org.apache.ibatis.session.defaults.DefaultSqlSession@a2bccb2]
2012-10-22 16:44:44,009 [main] DEBUG org.springframework.jdbc.datasource.DataSourceUtils - Returning JDBC Connection to DataSource
2012-10-22 16:44:44,009 [main] DEBUG org.springframework.test.context.support.DirtiesContextTestExecutionListener - After test method: context [[TestContext@32ef2c60 testClass = UdbDaoImplTest, locations = array<String>['classpath:spring-nvtsfw-context.xml'], testInstance = com.navteq.lbsp.ctg.trapster.modules.udb.mysql.mybatis.UdbDaoImplTest@25cbfa42, testMethod = testUpdate@UdbDaoImplTest, testException = [null]]], class dirties context [false], class mode [null], method dirties context [false].
2012-10-22 16:44:44,010 [main] DEBUG org.springframework.test.annotation.ProfileValueUtils - Retrieved @ProfileValueSourceConfiguration [null] for test class [com.navteq.lbsp.ctg.trapster.modules.udb.mysql.mybatis.UdbDaoImplTest]
2012-10-22 16:44:44,011 [main] DEBUG org.springframework.test.annotation.ProfileValueUtils - Retrieved ProfileValueSource type [class org.springframework.test.annotation.SystemProfileValueSource] for class [com.navteq.lbsp.ctg.trapster.modules.udb.mysql.mybatis.UdbDaoImplTest]
2012-10-22 16:44:44,011 [main] DEBUG org.springframework.test.context.support.DependencyInjectionTestExecutionListener - Performing dependency injection for test context [[TestContext@32ef2c60 testClass = UdbDaoImplTest, locations = array<String>['classpath:spring-nvtsfw-context.xml'], testInstance = com.navteq.lbsp.ctg.trapster.modules.udb.mysql.mybatis.UdbDaoImplTest@3dbe8711, testMethod = [null], testException = [null]]].
2012-10-22 16:44:44,012 [main] DEBUG org.springframework.beans.factory.annotation.InjectionMetadata - Processing injected method of bean 'com.navteq.lbsp.ctg.trapster.modules.udb.mysql.mybatis.UdbDaoImplTest': AutowiredFieldElement for private com.navteq.lbsp.ctg.trapster.modules.udb.domain.UdbDao com.navteq.lbsp.ctg.trapster.modules.udb.mysql.mybatis.UdbDaoImplTest.udbDao
2012-10-22 16:44:44,012 [main] DEBUG org.springframework.beans.factory.support.DefaultListableBeanFactory - Returning cached instance of singleton bean 'udbDao'
2012-10-22 16:44:44,013 [main] DEBUG org.springframework.jdbc.datasource.DataSourceUtils - Fetching JDBC Connection from DataSource
2012-10-22 16:44:44,039 [main] DEBUG org.mybatis.spring.SqlSessionUtils - Creating SqlSession with JDBC Connection [com.mysql.jdbc.JDBC4Connection@4ed9f47]
2012-10-22 16:44:44,039 [main] DEBUG java.sql.Connection - ooo Connection Opened
2012-10-22 16:44:44,040 [main] DEBUG org.mybatis.spring.transaction.SpringManagedTransaction - JDBC Connection [com.mysql.jdbc.JDBC4Connection@4ed9f47] will not be managed by Spring
2012-10-22 16:44:44,040 [main] DEBUG org.mybatis.spring.SqlSessionUtils - SqlSession [org.apache.ibatis.session.defaults.DefaultSqlSession@c73f0d8] was not registered for synchronization because synchronization is not active
2012-10-22 16:44:44,042 [main] DEBUG java.sql.PreparedStatement - ==>  Executing: select id, name, uname, pwd, new_password, m_password, level, info, aradius, alert, signupdate, lastvotetime, numvotes, karma, agreed, tgpref, pmpref, pmsmsaddr, global_moderator, logged_site, newsletter, email_conf, status, lastkarma, sip, loginfailures, modapplydate, lastapitime, lastwebtime, confirmdate, confirmmethod, oauthdate from udb where name = ? 
2012-10-22 16:44:44,044 [main] DEBUG java.sql.PreparedStatement - ==> Parameters: demo(String)
2012-10-22 16:44:44,046 [main] DEBUG java.sql.ResultSet - <==    Columns: id, name, uname, pwd, new_password, m_password, level, info, aradius, alert, signupdate, lastvotetime, numvotes, karma, agreed, tgpref, pmpref, pmsmsaddr, global_moderator, logged_site, newsletter, email_conf, status, lastkarma, sip, loginfailures, modapplydate, lastapitime, lastwebtime, confirmdate, confirmmethod, oauthdate
2012-10-22 16:44:44,048 [main] DEBUG java.sql.ResultSet - <==        Row: 103053285, demo, demo-no-email, , xxxxxxxxx, xxxxxxxxxx, 0, , 0.01, , null, null, 8, -1, Y, A, Y, , 0, Y, Y, O, A, -1, N, 0, 1970-01-01 00:00:00.0, 1970-01-01 00:00:00.0, 1970-01-01 00:00:00.0, null, , 2012-10-22 16:44:11.0
2012-10-22 16:44:44,053 [main] DEBUG org.mybatis.spring.SqlSessionUtils - Closing no transactional SqlSession [org.apache.ibatis.session.defaults.DefaultSqlSession@c73f0d8]
2012-10-22 16:44:44,053 [main] DEBUG org.springframework.jdbc.datasource.DataSourceUtils - Returning JDBC Connection to DataSource
2012-10-22 16:44:44,054 [main] DEBUG org.springframework.jdbc.datasource.DataSourceUtils - Fetching JDBC Connection from DataSource
2012-10-22 16:44:44,081 [main] DEBUG org.mybatis.spring.SqlSessionUtils - Creating SqlSession with JDBC Connection [com.mysql.jdbc.JDBC4Connection@38bdc9b3]
2012-10-22 16:44:44,081 [main] DEBUG java.sql.Connection - ooo Connection Opened
2012-10-22 16:44:44,082 [main] DEBUG org.mybatis.spring.transaction.SpringManagedTransaction - JDBC Connection [com.mysql.jdbc.JDBC4Connection@38bdc9b3] will not be managed by Spring
2012-10-22 16:44:44,082 [main] DEBUG org.mybatis.spring.SqlSessionUtils - SqlSession [org.apache.ibatis.session.defaults.DefaultSqlSession@340523df] was not registered for synchronization because synchronization is not active
2012-10-22 16:44:44,083 [main] DEBUG java.sql.PreparedStatement - ==>  Executing: select id, name, uname, pwd, new_password, m_password, level, info, aradius, alert, signupdate, lastvotetime, numvotes, karma, agreed, tgpref, pmpref, pmsmsaddr, global_moderator, logged_site, newsletter, email_conf, status, lastkarma, sip, loginfailures, modapplydate, lastapitime, lastwebtime, confirmdate, confirmmethod, oauthdate from udb where name = ? 
2012-10-22 16:44:44,084 [main] DEBUG java.sql.PreparedStatement - ==> Parameters: demo(String)
2012-10-22 16:44:44,087 [main] DEBUG java.sql.ResultSet - <==    Columns: id, name, uname, pwd, new_password, m_password, level, info, aradius, alert, signupdate, lastvotetime, numvotes, karma, agreed, tgpref, pmpref, pmsmsaddr, global_moderator, logged_site, newsletter, email_conf, status, lastkarma, sip, loginfailures, modapplydate, lastapitime, lastwebtime, confirmdate, confirmmethod, oauthdate
2012-10-22 16:44:44,088 [main] DEBUG java.sql.ResultSet - <==        Row: 103053285, demo, demo-no-email, , xxxxxxxxx, xxxxxxxxxx, 0, , 0.01, , null, null, 8, -1, Y, A, Y, , 0, Y, Y, O, A, -1, N, 0, 1970-01-01 00:00:00.0, 1970-01-01 00:00:00.0, 1970-01-01 00:00:00.0, null, , 2012-10-22 16:44:11.0
2012-10-22 16:44:44,093 [main] DEBUG org.mybatis.spring.SqlSessionUtils - Closing no transactional SqlSession [org.apache.ibatis.session.defaults.DefaultSqlSession@340523df]
2012-10-22 16:44:44,093 [main] DEBUG org.springframework.jdbc.datasource.DataSourceUtils - Returning JDBC Connection to DataSource
2012-10-22 16:44:44,094 [main] DEBUG org.springframework.jdbc.datasource.DataSourceUtils - Fetching JDBC Connection from DataSource
2012-10-22 16:44:44,129 [main] DEBUG org.mybatis.spring.SqlSessionUtils - Creating SqlSession with JDBC Connection [com.mysql.jdbc.JDBC4Connection@4ca68fd8]
2012-10-22 16:44:44,129 [main] DEBUG java.sql.Connection - ooo Connection Opened
2012-10-22 16:44:44,129 [main] DEBUG org.mybatis.spring.transaction.SpringManagedTransaction - JDBC Connection [com.mysql.jdbc.JDBC4Connection@4ca68fd8] will not be managed by Spring
2012-10-22 16:44:44,129 [main] DEBUG org.mybatis.spring.SqlSessionUtils - SqlSession [org.apache.ibatis.session.defaults.DefaultSqlSession@4b2dd538] was not registered for synchronization because synchronization is not active
2012-10-22 16:44:44,143 [main] DEBUG java.sql.PreparedStatement - ==>  Executing: update udb SET name = ?, uname = ?, pwd = ?, new_password = ?, m_password = ?, level = ?, info = ?, aradius = ?, alert = ?, numvotes = ?, karma = ?, agreed = ?, tgpref = ?, pmpref = ?, pmsmsaddr = ?, global_moderator = ?, logged_site = ?, newsletter = ?, email_conf = ?, status = ?, lastkarma = ?, sip = ?, loginfailures = ?, modapplydate = ?, lastapitime = ?, lastwebtime = ?, oauthdate = ?, confirmmethod = ? where id = ? 
2012-10-22 16:44:44,144 [main] DEBUG java.sql.PreparedStatement - ==> Parameters: demo(String), demo-no-email(String), (String), xxxxxxxxx(String), xxxxxxxxxx(String), 0(Integer), (String), 0.01(Double), (String), 8(Integer), -1(Integer), Y(String), A(String), Y(String), (String), 0(Integer), Y(String), Y(String), O(String), A(String), -1(Integer), N(String), 0(Integer), 1970-01-01 00:00:00.0(Timestamp), 1970-01-01 00:00:00.0(Timestamp), 1970-01-01 00:00:00.0(Timestamp), 2012-10-22 16:44:44.094(Timestamp), (String), 103053285(Long)
2012-10-22 16:44:44,145 [main] DEBUG org.mybatis.spring.SqlSessionUtils - Closing no transactional SqlSession [org.apache.ibatis.session.defaults.DefaultSqlSession@4b2dd538]
2012-10-22 16:44:44,146 [main] DEBUG org.springframework.jdbc.datasource.DataSourceUtils - Returning JDBC Connection to DataSource
2012-10-22 16:44:44,146 [main] DEBUG org.springframework.test.context.support.DirtiesContextTestExecutionListener - After test method: context [[TestContext@32ef2c60 testClass = UdbDaoImplTest, locations = array<String>['classpath:spring-nvtsfw-context.xml'], testInstance = com.navteq.lbsp.ctg.trapster.modules.udb.mysql.mybatis.UdbDaoImplTest@3dbe8711, testMethod = testOauthdate@UdbDaoImplTest, testException = [null]]], class dirties context [false], class mode [null], method dirties context [false].
2012-10-22 16:44:44,147 [main] DEBUG org.springframework.test.context.support.DirtiesContextTestExecutionListener - After test class: context [[TestContext@32ef2c60 testClass = UdbDaoImplTest, locations = array<String>['classpath:spring-nvtsfw-context.xml'], testInstance = [null], testMethod = [null], testException = [null]]], dirtiesContext [false].
Tests run: 5, Failures: 0, Errors: 0, Skipped: 0, Time elapsed: 2.874 sec
2012-10-22 16:44:44,149 [Thread-0] INFO  org.springframework.context.support.GenericApplicationContext - Closing org.springframework.context.support.GenericApplicationContext@5705b99f: startup date [Mon Oct 22 16:44:42 PDT 2012]; root of context hierarchy
2012-10-22 16:44:44,150 [Thread-0] DEBUG org.springframework.beans.factory.support.DefaultListableBeanFactory - Returning cached instance of singleton bean 'lifecycleProcessor'
2012-10-22 16:44:44,151 [Thread-0] INFO  org.springframework.beans.factory.support.DefaultListableBeanFactory - Destroying singletons in org.springframework.beans.factory.support.DefaultListableBeanFactory@2f87c55c: defining beans [udbDao,org.springframework.context.annotation.internalConfigurationAnnotationProcessor,org.springframework.context.annotation.internalAutowiredAnnotationProcessor,org.springframework.context.annotation.internalRequiredAnnotationProcessor,org.springframework.context.annotation.internalCommonAnnotationProcessor,org.mybatis.spring.mapper.MapperScannerConfigurer#0,udbMapper,datasource]; root of factory hierarchy
2012-10-22 16:44:44,151 [Thread-0] DEBUG org.springframework.beans.factory.support.DefaultListableBeanFactory - Retrieved dependent beans for bean 'udbDao': [com.navteq.lbsp.ctg.trapster.modules.udb.mysql.mybatis.UdbDaoImplTest]
2012-10-22 16:44:44,152 [Thread-0] DEBUG org.springframework.beans.factory.support.DefaultListableBeanFactory - Retrieved dependent beans for bean 'org.mybatis.spring.SqlSessionFactoryBean#27a897a9': [udbMapper]

Results :

Tests run: 5, Failures: 0, Errors: 0, Skipped: 0

[INFO] 
[INFO] --- maven-jar-plugin:2.2:jar (default-jar) @ example.module-udb ---
[INFO] Building jar: /home/msaavedra/workspace/trapster-demo/example-module-udb/target/example.module-udb-2.0.0-SNAPSHOT.jar
[INFO] 
[INFO] --- maven-install-plugin:2.3:install (default-install) @ example.module-udb ---
[INFO] Installing /home/msaavedra/workspace/trapster-demo/example-module-udb/target/example.module-udb-2.0.0-SNAPSHOT.jar to /home/msaavedra/.m2/repository/com/trapster/test/example/modules/example.module-udb/2.0.0-SNAPSHOT/example.module-udb-2.0.0-SNAPSHOT.jar
[INFO] Installing /home/msaavedra/workspace/trapster-demo/example-module-udb/pom.xml to /home/msaavedra/.m2/repository/com/trapster/test/example/modules/example.module-udb/2.0.0-SNAPSHOT/example.module-udb-2.0.0-SNAPSHOT.pom
[INFO] ------------------------------------------------------------------------
[INFO] Reactor Summary:
[INFO] 
[INFO] trapster-demo ..................................... SUCCESS [1.118s]
[INFO] Spring Data JPA sample ............................ SUCCESS [11.278s]
[INFO] UDB DAO module .................................... SUCCESS [6.401s]
[INFO] ------------------------------------------------------------------------
[INFO] BUILD SUCCESS
[INFO] ------------------------------------------------------------------------
[INFO] Total time: 19.168s
[INFO] Finished at: Mon Oct 22 16:44:44 PDT 2012
[INFO] Final Memory: 25M/165M
[INFO] ------------------------------------------------------------------------
